17:44:15  INFO  manager.ApplicationManager - Tests starts on Chrome Driver
17:44:16  INFO  tests.TestBase - Start test-->removeOneContact
17:44:16  INFO  manager.MyListener - Start serch element by locator-->By.xpath: //button[text()='Sign Out']
17:44:26  INFO  manager.MyListener - The element with locator --> By.xpath: //button[text()='Sign Out']was found
17:44:26  INFO  manager.MyListener - Start serch element by locator-->By.xpath: //a[text()='LOGIN']
17:44:26  INFO  manager.MyListener - The element with locator --> By.xpath: //a[text()='LOGIN']was found
17:44:26  INFO  manager.MyListener - Start serch element by locator-->By.xpath: //input[1]
17:44:26  INFO  manager.MyListener - The element with locator --> By.xpath: //input[1]was found
17:44:26  INFO  manager.MyListener - Start serch element by locator-->By.xpath: //input[2]
17:44:26  INFO  manager.MyListener - The element with locator --> By.xpath: //input[2]was found
17:44:26  INFO  manager.MyListener - Start serch element by locator-->By.xpath: //button[1]
17:44:26  INFO  manager.MyListener - The element with locator --> By.xpath: //button[1]was found
17:44:27  INFO  manager.MyListener - Start serch element by locator-->By.cssSelector: .contact-item__card2SOIM
17:44:37  INFO  manager.MyListener - The element with locator --> By.cssSelector: .contact-item__card2SOIMwas found
17:44:37  INFO  manager.HelperBase - Count of Contacts before0
17:44:37  INFO  manager.MyListener - Start serch element by locator-->By.cssSelector: .contact-item_card__2SOIM h3
17:44:37  INFO  manager.MyListener - The element with locator --> By.cssSelector: .contact-item_card__2SOIM h3was found
17:44:37  INFO  manager.HelperBase - The element that was deleted has phone number -->111062189709
17:44:37  INFO  manager.MyListener - Start serch element by locator-->By.cssSelector: .contact-item_card__2SOIM
17:44:37  INFO  manager.MyListener - The element with locator --> By.cssSelector: .contact-item_card__2SOIMwas found
17:44:38  INFO  manager.MyListener - Start serch element by locator-->By.xpath: //button[.='Remove']
17:44:38  INFO  manager.MyListener - The element with locator --> By.xpath: //button[.='Remove']was found
17:44:39  INFO  manager.MyListener - Start serch element by locator-->By.cssSelector: .contact-item__card2SOIM
17:44:49  INFO  manager.MyListener - The element with locator --> By.cssSelector: .contact-item__card2SOIMwas found
17:44:49  INFO  manager.HelperBase - Count of Contacts after0
17:44:49  INFO  tests.TestBase - ****************************************
