18:14:59  INFO  manager.ApplicationManager - Tests starts on Chrome Driver
18:15:01  INFO  tests.TestBase - Start test-->addNewContactTest
18:15:01  INFO  manager.MyListener - Start serch element by locator-->By.xpath: //button[text()='Sign Out']
18:15:11  INFO  manager.MyListener - The element with locator --> By.xpath: //button[text()='Sign Out']was found
18:15:11  INFO  manager.MyListener - Start serch element by locator-->By.xpath: //a[text()='LOGIN']
18:15:11  INFO  manager.MyListener - The element with locator --> By.xpath: //a[text()='LOGIN']was found
18:15:11  INFO  manager.MyListener - Start serch element by locator-->By.xpath: //input[1]
18:15:11  INFO  manager.MyListener - The element with locator --> By.xpath: //input[1]was found
18:15:12  INFO  manager.MyListener - Start serch element by locator-->By.xpath: //input[2]
18:15:12  INFO  manager.MyListener - The element with locator --> By.xpath: //input[2]was found
18:15:12  INFO  manager.MyListener - Start serch element by locator-->By.xpath: //button[1]
18:15:12  INFO  manager.MyListener - The element with locator --> By.xpath: //button[1]was found
18:15:13  INFO  manager.MyListener - Start serch element by locator-->By.xpath: //a[@href='/add']
18:15:13  INFO  manager.MyListener - The element with locator --> By.xpath: //a[@href='/add']was found
18:15:13  INFO  manager.MyListener - Start serch element by locator-->By.xpath: //a[@href='/add']
18:15:13  INFO  manager.MyListener - The element with locator --> By.xpath: //a[@href='/add']was found
18:15:13  INFO  manager.MyListener - Start serch element by locator-->By.cssSelector: [placeholder='Name']
18:15:13  INFO  manager.MyListener - The element with locator --> By.cssSelector: [placeholder='Name']was found
18:15:13  INFO  manager.MyListener - Start serch element by locator-->By.cssSelector: [placeholder='Last Name']
18:15:13  INFO  manager.MyListener - The element with locator --> By.cssSelector: [placeholder='Last Name']was found
18:15:13  INFO  manager.MyListener - Start serch element by locator-->By.cssSelector: [placeholder='Phone']
18:15:13  INFO  manager.MyListener - The element with locator --> By.cssSelector: [placeholder='Phone']was found
18:15:13  INFO  manager.MyListener - Start serch element by locator-->By.cssSelector: [placeholder='email']
18:15:13  INFO  manager.MyListener - The element with locator --> By.cssSelector: [placeholder='email']was found
18:15:14  INFO  manager.MyListener - Start serch element by locator-->By.cssSelector: [placeholder='Address']
18:15:14  INFO  manager.MyListener - The element with locator --> By.cssSelector: [placeholder='Address']was found
18:15:14  INFO  manager.MyListener - Start serch element by locator-->By.cssSelector: [placeholder='description']
18:15:14  INFO  manager.MyListener - The element with locator --> By.cssSelector: [placeholder='description']was found
18:15:14  INFO  manager.MyListener - Start serch element by locator-->By.xpath: //button[.='Save']
18:15:14  INFO  manager.MyListener - The element with locator --> By.xpath: //button[.='Save']was found
18:15:14  INFO  manager.MyListener - Start serch element by locator-->By.cssSelector: h3
18:15:14  INFO  manager.MyListener - The element with locator --> By.cssSelector: h3was found
18:15:14  INFO  tests.TestBase - ****************************************
18:15:14  INFO  tests.TestBase - Start test-->addNewContactTest
18:15:14  INFO  manager.MyListener - Start serch element by locator-->By.xpath: //button[text()='Sign Out']
18:15:14  INFO  manager.MyListener - The element with locator --> By.xpath: //button[text()='Sign Out']was found
18:15:14  INFO  manager.MyListener - Start serch element by locator-->By.xpath: //a[@href='/add']
18:15:14  INFO  manager.MyListener - The element with locator --> By.xpath: //a[@href='/add']was found
18:15:14  INFO  manager.MyListener - Start serch element by locator-->By.xpath: //a[@href='/add']
18:15:14  INFO  manager.MyListener - The element with locator --> By.xpath: //a[@href='/add']was found
18:15:15  INFO  manager.MyListener - Start serch element by locator-->By.cssSelector: [placeholder='Name']
18:15:15  INFO  manager.MyListener - The element with locator --> By.cssSelector: [placeholder='Name']was found
18:15:15  INFO  manager.MyListener - Start serch element by locator-->By.cssSelector: [placeholder='Last Name']
18:15:15  INFO  manager.MyListener - The element with locator --> By.cssSelector: [placeholder='Last Name']was found
18:15:15  INFO  manager.MyListener - Start serch element by locator-->By.cssSelector: [placeholder='Phone']
18:15:15  INFO  manager.MyListener - The element with locator --> By.cssSelector: [placeholder='Phone']was found
18:15:15  INFO  manager.MyListener - Start serch element by locator-->By.cssSelector: [placeholder='email']
18:15:15  INFO  manager.MyListener - The element with locator --> By.cssSelector: [placeholder='email']was found
18:15:15  INFO  manager.MyListener - Start serch element by locator-->By.cssSelector: [placeholder='Address']
18:15:15  INFO  manager.MyListener - The element with locator --> By.cssSelector: [placeholder='Address']was found
18:15:15  INFO  manager.MyListener - Start serch element by locator-->By.cssSelector: [placeholder='description']
18:15:15  INFO  manager.MyListener - The element with locator --> By.cssSelector: [placeholder='description']was found
18:15:15  INFO  manager.MyListener - Start serch element by locator-->By.xpath: //button[.='Save']
18:15:15  INFO  manager.MyListener - The element with locator --> By.xpath: //button[.='Save']was found
18:15:15  INFO  manager.MyListener - Start serch element by locator-->By.cssSelector: h3
18:15:16  INFO  manager.MyListener - The element with locator --> By.cssSelector: h3was found
18:15:16  INFO  tests.TestBase - ****************************************
18:15:16  INFO  tests.TestBase - Start test-->addNewContactTestCheckCount
18:15:16  INFO  manager.MyListener - Start serch element by locator-->By.xpath: //button[text()='Sign Out']
18:15:16  INFO  manager.MyListener - The element with locator --> By.xpath: //button[text()='Sign Out']was found
18:15:16  INFO  manager.MyListener - Start serch element by locator-->By.cssSelector: .contact-page_leftdiv__yhyke div
18:15:16  INFO  manager.MyListener - The element with locator --> By.cssSelector: .contact-page_leftdiv__yhyke divwas found
18:15:16  INFO  manager.MyListener - Start serch element by locator-->By.cssSelector: .contact-page_leftdiv__yhyke div
18:15:16  INFO  manager.MyListener - The element with locator --> By.cssSelector: .contact-page_leftdiv__yhyke divwas found
18:15:16  INFO  manager.MyListener - Start serch element by locator-->By.cssSelector: .contact-page_leftdiv__yhyke div
18:15:16  INFO  manager.MyListener - The element with locator --> By.cssSelector: .contact-page_leftdiv__yhyke divwas found
18:15:16  INFO  manager.HelperBase - Count of Contacts before9
18:15:16  INFO  manager.MyListener - Start serch element by locator-->By.cssSelector: .contact-item_card__2SOIM h3
18:15:16  INFO  manager.MyListener - The element with locator --> By.cssSelector: .contact-item_card__2SOIM h3was found
18:15:16  INFO  manager.HelperBase - The element that was deleted has phone number -->111723531698
18:15:16  INFO  manager.MyListener - Start serch element by locator-->By.cssSelector: .contact-page_leftdiv__yhyke div
18:15:16  INFO  manager.MyListener - The element with locator --> By.cssSelector: .contact-page_leftdiv__yhyke divwas found
18:15:16  INFO  manager.MyListener - Start serch element by locator-->By.xpath: //button[.='Remove']
18:15:16  INFO  manager.MyListener - The element with locator --> By.xpath: //button[.='Remove']was found
18:15:17  INFO  manager.MyListener - Start serch element by locator-->By.cssSelector: .contact-page_leftdiv__yhyke div
18:15:17  INFO  manager.MyListener - The element with locator --> By.cssSelector: .contact-page_leftdiv__yhyke divwas found
18:15:17  INFO  manager.HelperBase - Count of Contacts after8
18:15:17  INFO  manager.MyListener - Start serch element by locator-->By.cssSelector: .contact-page_leftdiv__yhyke div
18:15:17  INFO  manager.MyListener - The element with locator --> By.cssSelector: .contact-page_leftdiv__yhyke divwas found
18:15:17  INFO  manager.MyListener - Start serch element by locator-->By.cssSelector: .contact-page_leftdiv__yhyke div
18:15:17  INFO  manager.MyListener - The element with locator --> By.cssSelector: .contact-page_leftdiv__yhyke divwas found
18:15:17  INFO  manager.HelperBase - Count of Contacts before8
18:15:17  INFO  manager.MyListener - Start serch element by locator-->By.cssSelector: .contact-item_card__2SOIM h3
18:15:17  INFO  manager.MyListener - The element with locator --> By.cssSelector: .contact-item_card__2SOIM h3was found
18:15:17  INFO  manager.HelperBase - The element that was deleted has phone number -->111723531698
18:15:17  INFO  manager.MyListener - Start serch element by locator-->By.cssSelector: .contact-page_leftdiv__yhyke div
18:15:17  INFO  manager.MyListener - The element with locator --> By.cssSelector: .contact-page_leftdiv__yhyke divwas found
18:15:17  INFO  manager.MyListener - Start serch element by locator-->By.xpath: //button[.='Remove']
18:15:17  INFO  manager.MyListener - The element with locator --> By.xpath: //button[.='Remove']was found
18:15:18  INFO  manager.MyListener - Start serch element by locator-->By.cssSelector: .contact-page_leftdiv__yhyke div
18:15:18  INFO  manager.MyListener - The element with locator --> By.cssSelector: .contact-page_leftdiv__yhyke divwas found
18:15:18  INFO  manager.HelperBase - Count of Contacts after7
18:15:18  INFO  manager.MyListener - Start serch element by locator-->By.cssSelector: .contact-page_leftdiv__yhyke div
18:15:18  INFO  manager.MyListener - The element with locator --> By.cssSelector: .contact-page_leftdiv__yhyke divwas found
18:15:18  INFO  manager.MyListener - Start serch element by locator-->By.cssSelector: .contact-page_leftdiv__yhyke div
18:15:18  INFO  manager.MyListener - The element with locator --> By.cssSelector: .contact-page_leftdiv__yhyke divwas found
18:15:18  INFO  manager.HelperBase - Count of Contacts before7
18:15:18  INFO  manager.MyListener - Start serch element by locator-->By.cssSelector: .contact-item_card__2SOIM h3
18:15:18  INFO  manager.MyListener - The element with locator --> By.cssSelector: .contact-item_card__2SOIM h3was found
18:15:18  INFO  manager.HelperBase - The element that was deleted has phone number -->111723531698
18:15:18  INFO  manager.MyListener - Start serch element by locator-->By.cssSelector: .contact-page_leftdiv__yhyke div
18:15:18  INFO  manager.MyListener - The element with locator --> By.cssSelector: .contact-page_leftdiv__yhyke divwas found
18:15:18  INFO  manager.MyListener - Start serch element by locator-->By.xpath: //button[.='Remove']
18:15:18  INFO  manager.MyListener - The element with locator --> By.xpath: //button[.='Remove']was found
18:15:19  INFO  manager.MyListener - Start serch element by locator-->By.cssSelector: .contact-page_leftdiv__yhyke div
18:15:19  INFO  manager.MyListener - The element with locator --> By.cssSelector: .contact-page_leftdiv__yhyke divwas found
18:15:19  INFO  manager.HelperBase - Count of Contacts after6
18:15:19  INFO  manager.MyListener - Start serch element by locator-->By.cssSelector: .contact-page_leftdiv__yhyke div
18:15:19  INFO  manager.MyListener - The element with locator --> By.cssSelector: .contact-page_leftdiv__yhyke divwas found
18:15:19  INFO  manager.MyListener - Start serch element by locator-->By.cssSelector: .contact-page_leftdiv__yhyke div
18:15:20  INFO  manager.MyListener - The element with locator --> By.cssSelector: .contact-page_leftdiv__yhyke divwas found
18:15:20  INFO  manager.HelperBase - Count of Contacts before6
18:15:20  INFO  manager.MyListener - Start serch element by locator-->By.cssSelector: .contact-item_card__2SOIM h3
18:15:20  INFO  manager.MyListener - The element with locator --> By.cssSelector: .contact-item_card__2SOIM h3was found
18:15:20  INFO  manager.HelperBase - The element that was deleted has phone number -->111723531698
18:15:20  INFO  manager.MyListener - Start serch element by locator-->By.cssSelector: .contact-page_leftdiv__yhyke div
18:15:20  INFO  manager.MyListener - The element with locator --> By.cssSelector: .contact-page_leftdiv__yhyke divwas found
18:15:20  INFO  manager.MyListener - Start serch element by locator-->By.xpath: //button[.='Remove']
18:15:20  INFO  manager.MyListener - The element with locator --> By.xpath: //button[.='Remove']was found
18:15:21  INFO  manager.MyListener - Start serch element by locator-->By.cssSelector: .contact-page_leftdiv__yhyke div
18:15:21  INFO  manager.MyListener - The element with locator --> By.cssSelector: .contact-page_leftdiv__yhyke divwas found
18:15:21  INFO  manager.HelperBase - Count of Contacts after5
18:15:21  INFO  manager.MyListener - Start serch element by locator-->By.cssSelector: .contact-page_leftdiv__yhyke div
18:15:21  INFO  manager.MyListener - The element with locator --> By.cssSelector: .contact-page_leftdiv__yhyke divwas found
18:15:21  INFO  manager.MyListener - Start serch element by locator-->By.cssSelector: .contact-page_leftdiv__yhyke div
18:15:21  INFO  manager.MyListener - The element with locator --> By.cssSelector: .contact-page_leftdiv__yhyke divwas found
18:15:21  INFO  manager.HelperBase - Count of Contacts before5
18:15:21  INFO  manager.MyListener - Start serch element by locator-->By.cssSelector: .contact-item_card__2SOIM h3
18:15:21  INFO  manager.MyListener - The element with locator --> By.cssSelector: .contact-item_card__2SOIM h3was found
18:15:21  INFO  manager.HelperBase - The element that was deleted has phone number -->111723531698
18:15:21  INFO  manager.MyListener - Start serch element by locator-->By.cssSelector: .contact-page_leftdiv__yhyke div
18:15:21  INFO  manager.MyListener - The element with locator --> By.cssSelector: .contact-page_leftdiv__yhyke divwas found
18:15:21  INFO  manager.MyListener - Start serch element by locator-->By.xpath: //button[.='Remove']
18:15:21  INFO  manager.MyListener - The element with locator --> By.xpath: //button[.='Remove']was found
18:15:22  INFO  manager.MyListener - Start serch element by locator-->By.cssSelector: .contact-page_leftdiv__yhyke div
18:15:22  INFO  manager.MyListener - The element with locator --> By.cssSelector: .contact-page_leftdiv__yhyke divwas found
18:15:22  INFO  manager.HelperBase - Count of Contacts after4
18:15:22  INFO  manager.MyListener - Start serch element by locator-->By.cssSelector: .contact-page_leftdiv__yhyke div
18:15:22  INFO  manager.MyListener - The element with locator --> By.cssSelector: .contact-page_leftdiv__yhyke divwas found
18:15:22  INFO  manager.MyListener - Start serch element by locator-->By.cssSelector: .contact-page_leftdiv__yhyke div
18:15:22  INFO  manager.MyListener - The element with locator --> By.cssSelector: .contact-page_leftdiv__yhyke divwas found
18:15:22  INFO  manager.HelperBase - Count of Contacts before4
18:15:22  INFO  manager.MyListener - Start serch element by locator-->By.cssSelector: .contact-item_card__2SOIM h3
18:15:22  INFO  manager.MyListener - The element with locator --> By.cssSelector: .contact-item_card__2SOIM h3was found
18:15:22  INFO  manager.HelperBase - The element that was deleted has phone number -->111723531698
18:15:22  INFO  manager.MyListener - Start serch element by locator-->By.cssSelector: .contact-page_leftdiv__yhyke div
18:15:22  INFO  manager.MyListener - The element with locator --> By.cssSelector: .contact-page_leftdiv__yhyke divwas found
18:15:22  INFO  manager.MyListener - Start serch element by locator-->By.xpath: //button[.='Remove']
18:15:22  INFO  manager.MyListener - The element with locator --> By.xpath: //button[.='Remove']was found
18:15:23  INFO  manager.MyListener - Start serch element by locator-->By.cssSelector: .contact-page_leftdiv__yhyke div
18:15:23  INFO  manager.MyListener - The element with locator --> By.cssSelector: .contact-page_leftdiv__yhyke divwas found
18:15:23  INFO  manager.HelperBase - Count of Contacts after3
18:15:23  INFO  manager.MyListener - Start serch element by locator-->By.cssSelector: .contact-page_leftdiv__yhyke div
18:15:23  INFO  manager.MyListener - The element with locator --> By.cssSelector: .contact-page_leftdiv__yhyke divwas found
18:15:23  INFO  manager.MyListener - Start serch element by locator-->By.cssSelector: .contact-page_leftdiv__yhyke div
18:15:23  INFO  manager.MyListener - The element with locator --> By.cssSelector: .contact-page_leftdiv__yhyke divwas found
18:15:23  INFO  manager.HelperBase - Count of Contacts before3
18:15:23  INFO  manager.MyListener - Start serch element by locator-->By.cssSelector: .contact-item_card__2SOIM h3
18:15:23  INFO  manager.MyListener - The element with locator --> By.cssSelector: .contact-item_card__2SOIM h3was found
18:15:23  INFO  manager.HelperBase - The element that was deleted has phone number -->111723531698
18:15:23  INFO  manager.MyListener - Start serch element by locator-->By.cssSelector: .contact-page_leftdiv__yhyke div
18:15:23  INFO  manager.MyListener - The element with locator --> By.cssSelector: .contact-page_leftdiv__yhyke divwas found
18:15:23  INFO  manager.MyListener - Start serch element by locator-->By.xpath: //button[.='Remove']
18:15:33  INFO  manager.MyListener - Something went wrong!!
18:15:33  INFO  manager.MyListener - no such element: Unable to locate element: {"method":"xpath","selector":"//button[.='Remove']"}
  (Session info: chrome=96.0.4664.45)
For documentation on this error, please visit: https://www.seleniumhq.org/exceptions/no_such_element.html
Build info: version: '3.141.59', revision: 'e82be7d358', time: '2018-11-14T08:17:03'
System info: host: 'DESKTOP-8LJJU6I', ip: '192.168.1.51', os.name: 'Windows 10', os.arch: 'amd64', os.version: '10.0', java.version: '1.8.0_301'
Driver info: org.openqa.selenium.chrome.ChromeDriver
Capabilities {acceptInsecureCerts: false, browserName: chrome, browserVersion: 96.0.4664.45, chrome: {chromedriverVersion: 96.0.4664.45 (76e4c1bb2ab46..., userDataDir: C:\Users\User\AppData\Local...}, goog:chromeOptions: {debuggerAddress: localhost:58637}, javascriptEnabled: true, networkConnectionEnabled: false, pageLoadStrategy: normal, platform: WINDOWS, platformName: WINDOWS, proxy: Proxy(), setWindowRect: true, strictFileInteractability: false, timeouts: {implicit: 0, pageLoad: 300000, script: 30000}, unhandledPromptBehavior: dismiss and notify, webauthn:extension:credBlob: true, webauthn:extension:largeBlob: true, webauthn:virtualAuthenticators: true}
Session ID: 0b3f4ba3a849bd20aa86655e1601f65e
*** Element info: {Using=xpath, value=//button[.='Remove']}
18:15:33  INFO  manager.MyListener - org.openqa.selenium.NoSuchElementException: no such element: Unable to locate element: {"method":"xpath","selector":"//button[.='Remove']"}
  (Session info: chrome=96.0.4664.45)
For documentation on this error, please visit: https://www.seleniumhq.org/exceptions/no_such_element.html
Build info: version: '3.141.59', revision: 'e82be7d358', time: '2018-11-14T08:17:03'
System info: host: 'DESKTOP-8LJJU6I', ip: '192.168.1.51', os.name: 'Windows 10', os.arch: 'amd64', os.version: '10.0', java.version: '1.8.0_301'
Driver info: org.openqa.selenium.chrome.ChromeDriver
Capabilities {acceptInsecureCerts: false, browserName: chrome, browserVersion: 96.0.4664.45, chrome: {chromedriverVersion: 96.0.4664.45 (76e4c1bb2ab46..., userDataDir: C:\Users\User\AppData\Local...}, goog:chromeOptions: {debuggerAddress: localhost:58637}, javascriptEnabled: true, networkConnectionEnabled: false, pageLoadStrategy: normal, platform: WINDOWS, platformName: WINDOWS, proxy: Proxy(), setWindowRect: true, strictFileInteractability: false, timeouts: {implicit: 0, pageLoad: 300000, script: 30000}, unhandledPromptBehavior: dismiss and notify, webauthn:extension:credBlob: true, webauthn:extension:largeBlob: true, webauthn:virtualAuthenticators: true}
Session ID: 0b3f4ba3a849bd20aa86655e1601f65e
*** Element info: {Using=xpath, value=//button[.='Remove']}
18:15:34  INFO  manager.MyListener - This link to screenshot with error-->src/test/screenshots/screenshot-933.png
18:15:34  INFO  tests.TestBase - ****************************************
18:15:34  INFO  tests.TestBase - Start test-->loginTest
18:15:34  INFO  manager.MyListener - Start serch element by locator-->By.xpath: //button[text()='Sign Out']
18:15:34  INFO  manager.MyListener - The element with locator --> By.xpath: //button[text()='Sign Out']was found
18:15:34  INFO  manager.MyListener - Start serch element by locator-->By.xpath: //button[text()='Sign Out']
18:15:34  INFO  manager.MyListener - The element with locator --> By.xpath: //button[text()='Sign Out']was found
18:15:34  INFO  manager.MyListener - Start serch element by locator-->By.xpath: //a[text()='LOGIN']
18:15:34  INFO  manager.MyListener - The element with locator --> By.xpath: //a[text()='LOGIN']was found
18:15:34  INFO  manager.MyListener - Start serch element by locator-->By.xpath: //input[1]
18:15:34  INFO  manager.MyListener - The element with locator --> By.xpath: //input[1]was found
18:15:34  INFO  manager.MyListener - Start serch element by locator-->By.xpath: //input[2]
18:15:34  INFO  manager.MyListener - The element with locator --> By.xpath: //input[2]was found
18:15:34  INFO  manager.MyListener - Start serch element by locator-->By.xpath: //button[1]
18:15:34  INFO  manager.MyListener - The element with locator --> By.xpath: //button[1]was found
18:15:35  INFO  manager.MyListener - Start serch element by locator-->By.xpath: //button[text()='Sign Out']
18:15:35  INFO  manager.MyListener - The element with locator --> By.xpath: //button[text()='Sign Out']was found
18:15:35  INFO  tests.TestBase - ****************************************
18:15:35  INFO  tests.TestBase - Start test-->loginTestModel
18:15:35  INFO  manager.MyListener - Start serch element by locator-->By.xpath: //button[text()='Sign Out']
18:15:35  INFO  manager.MyListener - The element with locator --> By.xpath: //button[text()='Sign Out']was found
18:15:35  INFO  manager.MyListener - Start serch element by locator-->By.xpath: //button[text()='Sign Out']
18:15:35  INFO  manager.MyListener - The element with locator --> By.xpath: //button[text()='Sign Out']was found
18:15:35  INFO  manager.MyListener - Start serch element by locator-->By.xpath: //a[text()='LOGIN']
18:15:35  INFO  manager.MyListener - The element with locator --> By.xpath: //a[text()='LOGIN']was found
18:15:35  INFO  manager.MyListener - Start serch element by locator-->By.xpath: //input[1]
18:15:35  INFO  manager.MyListener - The element with locator --> By.xpath: //input[1]was found
18:15:36  INFO  manager.MyListener - Start serch element by locator-->By.xpath: //input[2]
18:15:36  INFO  manager.MyListener - The element with locator --> By.xpath: //input[2]was found
18:15:36  INFO  manager.MyListener - Start serch element by locator-->By.xpath: //button[1]
18:15:36  INFO  manager.MyListener - The element with locator --> By.xpath: //button[1]was found
18:15:38  INFO  manager.MyListener - Start serch element by locator-->By.xpath: //button[text()='Sign Out']
18:15:38  INFO  manager.MyListener - The element with locator --> By.xpath: //button[text()='Sign Out']was found
18:15:38  INFO  tests.TestBase - ****************************************
18:15:38  INFO  tests.TestBase - Start test-->registrationTestPositive
18:15:38  INFO  manager.MyListener - Start serch element by locator-->By.xpath: //button[text()='Sign Out']
18:15:38  INFO  manager.MyListener - The element with locator --> By.xpath: //button[text()='Sign Out']was found
18:15:38  INFO  manager.MyListener - Start serch element by locator-->By.xpath: //button[text()='Sign Out']
18:15:38  INFO  manager.MyListener - The element with locator --> By.xpath: //button[text()='Sign Out']was found
18:15:38  INFO  tests.TestBase - Test Registration Positive starts with >>> niko938@gmail.com &&& Nniko12345$
18:15:38  INFO  manager.MyListener - Start serch element by locator-->By.xpath: //a[text()='LOGIN']
18:15:38  INFO  manager.MyListener - The element with locator --> By.xpath: //a[text()='LOGIN']was found
18:15:38  INFO  manager.MyListener - Start serch element by locator-->By.xpath: //input[1]
18:15:38  INFO  manager.MyListener - The element with locator --> By.xpath: //input[1]was found
18:15:39  INFO  manager.MyListener - Start serch element by locator-->By.xpath: //input[2]
18:15:39  INFO  manager.MyListener - The element with locator --> By.xpath: //input[2]was found
18:15:39  INFO  manager.MyListener - Start serch element by locator-->By.xpath: //button[2]
18:15:39  INFO  manager.MyListener - The element with locator --> By.xpath: //button[2]was found
18:15:39  INFO  manager.MyListener - Start serch element by locator-->By.xpath: //button[text()='Sign Out']
18:15:39  INFO  manager.MyListener - The element with locator --> By.xpath: //button[text()='Sign Out']was found
18:15:39  INFO  tests.TestBase - ****************************************
18:15:39  INFO  tests.TestBase - Start test-->registrationTestWrongEmail
18:15:39  INFO  manager.MyListener - Start serch element by locator-->By.xpath: //button[text()='Sign Out']
18:15:39  INFO  manager.MyListener - The element with locator --> By.xpath: //button[text()='Sign Out']was found
18:15:39  INFO  manager.MyListener - Start serch element by locator-->By.xpath: //button[text()='Sign Out']
18:15:39  INFO  manager.MyListener - The element with locator --> By.xpath: //button[text()='Sign Out']was found
18:15:40  INFO  manager.MyListener - Start serch element by locator-->By.xpath: //a[text()='LOGIN']
18:15:40  INFO  manager.MyListener - The element with locator --> By.xpath: //a[text()='LOGIN']was found
18:15:40  INFO  manager.MyListener - Start serch element by locator-->By.xpath: //input[1]
18:15:40  INFO  manager.MyListener - The element with locator --> By.xpath: //input[1]was found
18:15:40  INFO  manager.MyListener - Start serch element by locator-->By.xpath: //input[2]
18:15:40  INFO  manager.MyListener - The element with locator --> By.xpath: //input[2]was found
18:15:40  INFO  manager.MyListener - Start serch element by locator-->By.xpath: //button[2]
18:15:40  INFO  manager.MyListener - The element with locator --> By.xpath: //button[2]was found
18:15:43  INFO  tests.TestBase - ****************************************
18:15:43  INFO  tests.TestBase - Start test-->removeOneContact
18:15:43  INFO  manager.MyListener - Start serch element by locator-->By.xpath: //button[text()='Sign Out']
18:15:53  INFO  manager.MyListener - The element with locator --> By.xpath: //button[text()='Sign Out']was found
18:15:53  INFO  manager.MyListener - Start serch element by locator-->By.xpath: //a[text()='LOGIN']
18:15:53  INFO  manager.MyListener - The element with locator --> By.xpath: //a[text()='LOGIN']was found
18:15:53  INFO  manager.MyListener - Start serch element by locator-->By.xpath: //input[1]
18:15:53  INFO  manager.MyListener - The element with locator --> By.xpath: //input[1]was found
18:15:53  INFO  manager.MyListener - Start serch element by locator-->By.xpath: //input[2]
18:15:53  INFO  manager.MyListener - The element with locator --> By.xpath: //input[2]was found
18:15:53  INFO  manager.MyListener - Start serch element by locator-->By.xpath: //button[1]
18:15:53  INFO  manager.MyListener - The element with locator --> By.xpath: //button[1]was found
18:15:54  INFO  manager.MyListener - Start serch element by locator-->By.cssSelector: .contact-page_leftdiv__yhyke div
18:15:54  INFO  manager.MyListener - The element with locator --> By.cssSelector: .contact-page_leftdiv__yhyke divwas found
18:15:54  INFO  manager.HelperBase - Count of Contacts before3
18:15:54  INFO  manager.MyListener - Start serch element by locator-->By.cssSelector: .contact-item_card__2SOIM h3
18:15:54  INFO  manager.MyListener - The element with locator --> By.cssSelector: .contact-item_card__2SOIM h3was found
18:15:54  INFO  manager.HelperBase - The element that was deleted has phone number -->111723531698
18:15:54  INFO  manager.MyListener - Start serch element by locator-->By.cssSelector: .contact-page_leftdiv__yhyke div
18:15:54  INFO  manager.MyListener - The element with locator --> By.cssSelector: .contact-page_leftdiv__yhyke divwas found
18:15:54  INFO  manager.MyListener - Start serch element by locator-->By.xpath: //button[.='Remove']
18:16:04  INFO  manager.MyListener - Something went wrong!!
18:16:04  INFO  manager.MyListener - no such element: Unable to locate element: {"method":"xpath","selector":"//button[.='Remove']"}
  (Session info: chrome=96.0.4664.45)
For documentation on this error, please visit: https://www.seleniumhq.org/exceptions/no_such_element.html
Build info: version: '3.141.59', revision: 'e82be7d358', time: '2018-11-14T08:17:03'
System info: host: 'DESKTOP-8LJJU6I', ip: '192.168.1.51', os.name: 'Windows 10', os.arch: 'amd64', os.version: '10.0', java.version: '1.8.0_301'
Driver info: org.openqa.selenium.chrome.ChromeDriver
Capabilities {acceptInsecureCerts: false, browserName: chrome, browserVersion: 96.0.4664.45, chrome: {chromedriverVersion: 96.0.4664.45 (76e4c1bb2ab46..., userDataDir: C:\Users\User\AppData\Local...}, goog:chromeOptions: {debuggerAddress: localhost:58637}, javascriptEnabled: true, networkConnectionEnabled: false, pageLoadStrategy: normal, platform: WINDOWS, platformName: WINDOWS, proxy: Proxy(), setWindowRect: true, strictFileInteractability: false, timeouts: {implicit: 0, pageLoad: 300000, script: 30000}, unhandledPromptBehavior: dismiss and notify, webauthn:extension:credBlob: true, webauthn:extension:largeBlob: true, webauthn:virtualAuthenticators: true}
Session ID: 0b3f4ba3a849bd20aa86655e1601f65e
*** Element info: {Using=xpath, value=//button[.='Remove']}
18:16:04  INFO  manager.MyListener - org.openqa.selenium.NoSuchElementException: no such element: Unable to locate element: {"method":"xpath","selector":"//button[.='Remove']"}
  (Session info: chrome=96.0.4664.45)
For documentation on this error, please visit: https://www.seleniumhq.org/exceptions/no_such_element.html
Build info: version: '3.141.59', revision: 'e82be7d358', time: '2018-11-14T08:17:03'
System info: host: 'DESKTOP-8LJJU6I', ip: '192.168.1.51', os.name: 'Windows 10', os.arch: 'amd64', os.version: '10.0', java.version: '1.8.0_301'
Driver info: org.openqa.selenium.chrome.ChromeDriver
Capabilities {acceptInsecureCerts: false, browserName: chrome, browserVersion: 96.0.4664.45, chrome: {chromedriverVersion: 96.0.4664.45 (76e4c1bb2ab46..., userDataDir: C:\Users\User\AppData\Local...}, goog:chromeOptions: {debuggerAddress: localhost:58637}, javascriptEnabled: true, networkConnectionEnabled: false, pageLoadStrategy: normal, platform: WINDOWS, platformName: WINDOWS, proxy: Proxy(), setWindowRect: true, strictFileInteractability: false, timeouts: {implicit: 0, pageLoad: 300000, script: 30000}, unhandledPromptBehavior: dismiss and notify, webauthn:extension:credBlob: true, webauthn:extension:largeBlob: true, webauthn:virtualAuthenticators: true}
Session ID: 0b3f4ba3a849bd20aa86655e1601f65e
*** Element info: {Using=xpath, value=//button[.='Remove']}
18:16:05  INFO  manager.MyListener - This link to screenshot with error-->src/test/screenshots/screenshot-964.png
18:16:05  INFO  tests.TestBase - ****************************************
