17:39:19  INFO  manager.ApplicationManager - Tests starts on Chrome Driver
17:39:21  INFO  tests.TestBase - Start test-->removeOneContact
17:39:21  INFO  manager.MyListener - Start serch element by locator-->By.xpath: //button[text()='Sign Out']
17:39:31  INFO  manager.MyListener - The element with locator --> By.xpath: //button[text()='Sign Out']was found
17:39:31  INFO  manager.MyListener - Start serch element by locator-->By.xpath: //a[text()='LOGIN']
17:39:31  INFO  manager.MyListener - The element with locator --> By.xpath: //a[text()='LOGIN']was found
17:39:31  INFO  manager.MyListener - Start serch element by locator-->By.xpath: //input[1]
17:39:31  INFO  manager.MyListener - The element with locator --> By.xpath: //input[1]was found
17:39:31  INFO  manager.MyListener - Start serch element by locator-->By.xpath: //input[2]
17:39:31  INFO  manager.MyListener - The element with locator --> By.xpath: //input[2]was found
17:39:31  INFO  manager.MyListener - Start serch element by locator-->By.xpath: //button[1]
17:39:31  INFO  manager.MyListener - The element with locator --> By.xpath: //button[1]was found
17:39:32  INFO  manager.MyListener - Start serch element by locator-->By.xpath: //a[@href='/add']
17:39:32  INFO  manager.MyListener - The element with locator --> By.xpath: //a[@href='/add']was found
17:39:32  INFO  manager.MyListener - Start serch element by locator-->By.xpath: //a[@href='/add']
17:39:32  INFO  manager.MyListener - The element with locator --> By.xpath: //a[@href='/add']was found
17:39:32  INFO  manager.MyListener - Start serch element by locator-->By.cssSelector: [placeholder='Name']
17:39:32  INFO  manager.MyListener - The element with locator --> By.cssSelector: [placeholder='Name']was found
17:39:32  INFO  manager.MyListener - Start serch element by locator-->By.cssSelector: [placeholder='Last Name']
17:39:32  INFO  manager.MyListener - The element with locator --> By.cssSelector: [placeholder='Last Name']was found
17:39:33  INFO  manager.MyListener - Start serch element by locator-->By.cssSelector: [placeholder='Phone']
17:39:33  INFO  manager.MyListener - The element with locator --> By.cssSelector: [placeholder='Phone']was found
17:39:33  INFO  manager.MyListener - Start serch element by locator-->By.cssSelector: [placeholder='email']
17:39:33  INFO  manager.MyListener - The element with locator --> By.cssSelector: [placeholder='email']was found
17:39:33  INFO  manager.MyListener - Start serch element by locator-->By.cssSelector: [placeholder='Address']
17:39:33  INFO  manager.MyListener - The element with locator --> By.cssSelector: [placeholder='Address']was found
17:39:33  INFO  manager.MyListener - Start serch element by locator-->By.cssSelector: [placeholder='description']
17:39:33  INFO  manager.MyListener - The element with locator --> By.cssSelector: [placeholder='description']was found
17:39:33  INFO  manager.MyListener - Start serch element by locator-->By.xpath: //button[.='Save']
17:39:33  INFO  manager.MyListener - The element with locator --> By.xpath: //button[.='Save']was found
17:39:34  INFO  manager.MyListener - Start serch element by locator-->By.xpath: //a[@href='/add']
17:39:34  INFO  manager.MyListener - The element with locator --> By.xpath: //a[@href='/add']was found
17:39:34  INFO  manager.MyListener - Start serch element by locator-->By.xpath: //a[@href='/add']
17:39:34  INFO  manager.MyListener - The element with locator --> By.xpath: //a[@href='/add']was found
17:39:34  INFO  manager.MyListener - Start serch element by locator-->By.cssSelector: [placeholder='Name']
17:39:34  INFO  manager.MyListener - The element with locator --> By.cssSelector: [placeholder='Name']was found
17:39:35  INFO  manager.MyListener - Start serch element by locator-->By.cssSelector: [placeholder='Last Name']
17:39:35  INFO  manager.MyListener - The element with locator --> By.cssSelector: [placeholder='Last Name']was found
17:39:35  INFO  manager.MyListener - Start serch element by locator-->By.cssSelector: [placeholder='Phone']
17:39:35  INFO  manager.MyListener - The element with locator --> By.cssSelector: [placeholder='Phone']was found
17:39:35  INFO  manager.MyListener - Start serch element by locator-->By.cssSelector: [placeholder='email']
17:39:35  INFO  manager.MyListener - The element with locator --> By.cssSelector: [placeholder='email']was found
17:39:35  INFO  manager.MyListener - Start serch element by locator-->By.cssSelector: [placeholder='Address']
17:39:35  INFO  manager.MyListener - The element with locator --> By.cssSelector: [placeholder='Address']was found
17:39:35  INFO  manager.MyListener - Start serch element by locator-->By.cssSelector: [placeholder='description']
17:39:35  INFO  manager.MyListener - The element with locator --> By.cssSelector: [placeholder='description']was found
17:39:35  INFO  manager.MyListener - Start serch element by locator-->By.xpath: //button[.='Save']
17:39:35  INFO  manager.MyListener - The element with locator --> By.xpath: //button[.='Save']was found
17:39:36  INFO  manager.MyListener - Start serch element by locator-->By.xpath: //a[@href='/add']
17:39:36  INFO  manager.MyListener - The element with locator --> By.xpath: //a[@href='/add']was found
17:39:36  INFO  manager.MyListener - Start serch element by locator-->By.xpath: //a[@href='/add']
17:39:36  INFO  manager.MyListener - The element with locator --> By.xpath: //a[@href='/add']was found
17:39:36  INFO  manager.MyListener - Start serch element by locator-->By.cssSelector: [placeholder='Name']
17:39:36  INFO  manager.MyListener - The element with locator --> By.cssSelector: [placeholder='Name']was found
17:39:37  INFO  manager.MyListener - Start serch element by locator-->By.cssSelector: [placeholder='Last Name']
17:39:37  INFO  manager.MyListener - The element with locator --> By.cssSelector: [placeholder='Last Name']was found
17:39:37  INFO  manager.MyListener - Start serch element by locator-->By.cssSelector: [placeholder='Phone']
17:39:37  INFO  manager.MyListener - The element with locator --> By.cssSelector: [placeholder='Phone']was found
17:39:37  INFO  manager.MyListener - Start serch element by locator-->By.cssSelector: [placeholder='email']
17:39:37  INFO  manager.MyListener - The element with locator --> By.cssSelector: [placeholder='email']was found
17:39:37  INFO  manager.MyListener - Start serch element by locator-->By.cssSelector: [placeholder='Address']
17:39:37  INFO  manager.MyListener - The element with locator --> By.cssSelector: [placeholder='Address']was found
17:39:37  INFO  manager.MyListener - Start serch element by locator-->By.cssSelector: [placeholder='description']
17:39:37  INFO  manager.MyListener - The element with locator --> By.cssSelector: [placeholder='description']was found
17:39:37  INFO  manager.MyListener - Start serch element by locator-->By.xpath: //button[.='Save']
17:39:37  INFO  manager.MyListener - The element with locator --> By.xpath: //button[.='Save']was found
17:39:38  INFO  manager.MyListener - Start serch element by locator-->By.cssSelector: .contact-item__card2SOIM
17:39:48  INFO  manager.MyListener - The element with locator --> By.cssSelector: .contact-item__card2SOIMwas found
17:39:48  INFO  manager.HelperBase - Count of Contacts before0
17:39:48  INFO  manager.MyListener - Start serch element by locator-->By.cssSelector: .contact-item__card2SOIM
17:39:58  INFO  manager.MyListener - The element with locator --> By.cssSelector: .contact-item__card2SOIMwas found
17:39:58  INFO  manager.MyListener - Start serch element by locator-->By.cssSelector: .contact-item__card2SOIM
17:40:08  INFO  manager.MyListener - The element with locator --> By.cssSelector: .contact-item__card2SOIMwas found
17:40:08  INFO  manager.HelperBase - Count of Contacts after0
17:40:08  INFO  tests.TestBase - ****************************************
