16:14:09  INFO  manager.ApplicationManager - Tests starts on Chrome Driver
16:14:10  INFO  tests.TestBase - Start test-->addNewContactTest
16:14:10  INFO  manager.MyListener - Start serch element by locator-->By.xpath: //button[text()='Sign Out']
16:14:20  INFO  manager.MyListener - The element with locator --> By.xpath: //button[text()='Sign Out']was found
16:14:20  INFO  manager.MyListener - Start serch element by locator-->By.xpath: //a[text()='LOGIN']
16:14:20  INFO  manager.MyListener - The element with locator --> By.xpath: //a[text()='LOGIN']was found
16:14:20  INFO  manager.MyListener - Start serch element by locator-->By.xpath: //input[1]
16:14:20  INFO  manager.MyListener - The element with locator --> By.xpath: //input[1]was found
16:14:20  INFO  manager.MyListener - Start serch element by locator-->By.xpath: //input[2]
16:14:20  INFO  manager.MyListener - The element with locator --> By.xpath: //input[2]was found
16:14:20  INFO  manager.MyListener - Start serch element by locator-->By.xpath: //button[1]
16:14:20  INFO  manager.MyListener - The element with locator --> By.xpath: //button[1]was found
16:14:22  INFO  manager.MyListener - Start serch element by locator-->By.xpath: //a[@href='/add']
16:14:22  INFO  manager.MyListener - The element with locator --> By.xpath: //a[@href='/add']was found
16:14:22  INFO  manager.MyListener - Start serch element by locator-->By.xpath: //a[@href='/add']
16:14:22  INFO  manager.MyListener - The element with locator --> By.xpath: //a[@href='/add']was found
16:14:22  INFO  manager.MyListener - Start serch element by locator-->By.cssSelector: [placeholder='Name']
16:14:22  INFO  manager.MyListener - The element with locator --> By.cssSelector: [placeholder='Name']was found
16:14:22  INFO  manager.MyListener - Start serch element by locator-->By.cssSelector: [placeholder='Last Name']
16:14:22  INFO  manager.MyListener - The element with locator --> By.cssSelector: [placeholder='Last Name']was found
16:14:22  INFO  manager.MyListener - Start serch element by locator-->By.cssSelector: [placeholder='Phone']
16:14:22  INFO  manager.MyListener - The element with locator --> By.cssSelector: [placeholder='Phone']was found
16:14:22  INFO  manager.MyListener - Start serch element by locator-->By.cssSelector: [placeholder='email']
16:14:22  INFO  manager.MyListener - The element with locator --> By.cssSelector: [placeholder='email']was found
16:14:22  INFO  manager.MyListener - Start serch element by locator-->By.cssSelector: [placeholder='Address']
16:14:22  INFO  manager.MyListener - The element with locator --> By.cssSelector: [placeholder='Address']was found
16:14:22  INFO  manager.MyListener - Start serch element by locator-->By.cssSelector: [placeholder='description']
16:14:22  INFO  manager.MyListener - The element with locator --> By.cssSelector: [placeholder='description']was found
16:14:22  INFO  manager.MyListener - Start serch element by locator-->By.xpath: //button[.='Save']
16:14:22  INFO  manager.MyListener - The element with locator --> By.xpath: //button[.='Save']was found
16:14:22  INFO  manager.MyListener - Start serch element by locator-->By.cssSelector: h3
16:14:23  INFO  manager.MyListener - The element with locator --> By.cssSelector: h3was found
16:14:23  INFO  tests.TestBase - ****************************************
16:14:23  INFO  tests.TestBase - Start test-->addNewContactTest
16:14:23  INFO  manager.MyListener - Start serch element by locator-->By.xpath: //button[text()='Sign Out']
16:14:23  INFO  manager.MyListener - The element with locator --> By.xpath: //button[text()='Sign Out']was found
16:14:23  INFO  manager.MyListener - Start serch element by locator-->By.xpath: //a[@href='/add']
16:14:23  INFO  manager.MyListener - The element with locator --> By.xpath: //a[@href='/add']was found
16:14:23  INFO  manager.MyListener - Start serch element by locator-->By.xpath: //a[@href='/add']
16:14:23  INFO  manager.MyListener - The element with locator --> By.xpath: //a[@href='/add']was found
16:14:23  INFO  manager.MyListener - Start serch element by locator-->By.cssSelector: [placeholder='Name']
16:14:23  INFO  manager.MyListener - The element with locator --> By.cssSelector: [placeholder='Name']was found
16:14:23  INFO  manager.MyListener - Start serch element by locator-->By.cssSelector: [placeholder='Last Name']
16:14:23  INFO  manager.MyListener - The element with locator --> By.cssSelector: [placeholder='Last Name']was found
16:14:23  INFO  manager.MyListener - Start serch element by locator-->By.cssSelector: [placeholder='Phone']
16:14:23  INFO  manager.MyListener - The element with locator --> By.cssSelector: [placeholder='Phone']was found
16:14:23  INFO  manager.MyListener - Start serch element by locator-->By.cssSelector: [placeholder='email']
16:14:23  INFO  manager.MyListener - The element with locator --> By.cssSelector: [placeholder='email']was found
16:14:23  INFO  manager.MyListener - Start serch element by locator-->By.cssSelector: [placeholder='Address']
16:14:23  INFO  manager.MyListener - The element with locator --> By.cssSelector: [placeholder='Address']was found
16:14:23  INFO  manager.MyListener - Start serch element by locator-->By.cssSelector: [placeholder='description']
16:14:23  INFO  manager.MyListener - The element with locator --> By.cssSelector: [placeholder='description']was found
16:14:24  INFO  manager.MyListener - Start serch element by locator-->By.xpath: //button[.='Save']
16:14:24  INFO  manager.MyListener - The element with locator --> By.xpath: //button[.='Save']was found
16:14:24  INFO  manager.MyListener - Start serch element by locator-->By.cssSelector: h3
16:14:24  INFO  manager.MyListener - The element with locator --> By.cssSelector: h3was found
16:14:24  INFO  tests.TestBase - ****************************************
16:14:24  INFO  tests.TestBase - Start test-->addNewContactTestCheckCount
16:14:24  INFO  manager.MyListener - Start serch element by locator-->By.xpath: //button[text()='Sign Out']
16:14:24  INFO  manager.MyListener - The element with locator --> By.xpath: //button[text()='Sign Out']was found
16:14:24  INFO  manager.MyListener - Start serch element by locator-->By.cssSelector: .contact-page_leftdiv__yhyke div
16:14:24  INFO  manager.MyListener - The element with locator --> By.cssSelector: .contact-page_leftdiv__yhyke divwas found
16:14:24  INFO  manager.MyListener - Start serch element by locator-->By.cssSelector: .contact-item__card2SOIM
16:14:34  INFO  manager.MyListener - The element with locator --> By.cssSelector: .contact-item__card2SOIMwas found
16:14:34  INFO  manager.MyListener - Start serch element by locator-->By.xpath: //a[@href='/add']
16:14:34  INFO  manager.MyListener - The element with locator --> By.xpath: //a[@href='/add']was found
16:14:34  INFO  manager.MyListener - Start serch element by locator-->By.xpath: //a[@href='/add']
16:14:34  INFO  manager.MyListener - The element with locator --> By.xpath: //a[@href='/add']was found
16:14:34  INFO  manager.MyListener - Start serch element by locator-->By.cssSelector: [placeholder='Name']
16:14:34  INFO  manager.MyListener - The element with locator --> By.cssSelector: [placeholder='Name']was found
16:14:34  INFO  manager.MyListener - Start serch element by locator-->By.cssSelector: [placeholder='Last Name']
16:14:34  INFO  manager.MyListener - The element with locator --> By.cssSelector: [placeholder='Last Name']was found
16:14:34  INFO  manager.MyListener - Start serch element by locator-->By.cssSelector: [placeholder='Phone']
16:14:34  INFO  manager.MyListener - The element with locator --> By.cssSelector: [placeholder='Phone']was found
16:14:34  INFO  manager.MyListener - Start serch element by locator-->By.cssSelector: [placeholder='email']
16:14:34  INFO  manager.MyListener - The element with locator --> By.cssSelector: [placeholder='email']was found
16:14:34  INFO  manager.MyListener - Start serch element by locator-->By.cssSelector: [placeholder='Address']
16:14:34  INFO  manager.MyListener - The element with locator --> By.cssSelector: [placeholder='Address']was found
16:14:35  INFO  manager.MyListener - Start serch element by locator-->By.cssSelector: [placeholder='description']
16:14:35  INFO  manager.MyListener - The element with locator --> By.cssSelector: [placeholder='description']was found
16:14:35  INFO  manager.MyListener - Start serch element by locator-->By.xpath: //button[.='Save']
16:14:35  INFO  manager.MyListener - The element with locator --> By.xpath: //button[.='Save']was found
16:14:35  INFO  manager.MyListener - Start serch element by locator-->By.cssSelector: h3
16:14:35  INFO  manager.MyListener - The element with locator --> By.cssSelector: h3was found
16:14:35  INFO  tests.TestBase - ****************************************
16:14:35  INFO  tests.TestBase - Start test-->loginTest
16:14:35  INFO  manager.MyListener - Start serch element by locator-->By.xpath: //button[text()='Sign Out']
16:14:35  INFO  manager.MyListener - The element with locator --> By.xpath: //button[text()='Sign Out']was found
16:14:35  INFO  manager.MyListener - Start serch element by locator-->By.xpath: //button[text()='Sign Out']
16:14:35  INFO  manager.MyListener - The element with locator --> By.xpath: //button[text()='Sign Out']was found
16:14:35  INFO  manager.MyListener - Start serch element by locator-->By.xpath: //a[text()='LOGIN']
16:14:35  INFO  manager.MyListener - The element with locator --> By.xpath: //a[text()='LOGIN']was found
16:14:35  INFO  manager.MyListener - Start serch element by locator-->By.xpath: //input[1]
16:14:35  INFO  manager.MyListener - The element with locator --> By.xpath: //input[1]was found
16:14:35  INFO  manager.MyListener - Start serch element by locator-->By.xpath: //input[2]
16:14:35  INFO  manager.MyListener - The element with locator --> By.xpath: //input[2]was found
16:14:35  INFO  manager.MyListener - Start serch element by locator-->By.xpath: //button[1]
16:14:35  INFO  manager.MyListener - The element with locator --> By.xpath: //button[1]was found
16:14:36  INFO  manager.MyListener - Start serch element by locator-->By.xpath: //button[text()='Sign Out']
16:14:36  INFO  manager.MyListener - The element with locator --> By.xpath: //button[text()='Sign Out']was found
16:14:36  INFO  tests.TestBase - ****************************************
16:14:36  INFO  tests.TestBase - Start test-->loginTestModel
16:14:36  INFO  manager.MyListener - Start serch element by locator-->By.xpath: //button[text()='Sign Out']
16:14:37  INFO  manager.MyListener - The element with locator --> By.xpath: //button[text()='Sign Out']was found
16:14:37  INFO  manager.MyListener - Start serch element by locator-->By.xpath: //button[text()='Sign Out']
16:14:37  INFO  manager.MyListener - The element with locator --> By.xpath: //button[text()='Sign Out']was found
16:14:37  INFO  manager.MyListener - Start serch element by locator-->By.xpath: //a[text()='LOGIN']
16:14:37  INFO  manager.MyListener - The element with locator --> By.xpath: //a[text()='LOGIN']was found
16:14:37  INFO  manager.MyListener - Start serch element by locator-->By.xpath: //input[1]
16:14:37  INFO  manager.MyListener - The element with locator --> By.xpath: //input[1]was found
16:14:37  INFO  manager.MyListener - Start serch element by locator-->By.xpath: //input[2]
16:14:37  INFO  manager.MyListener - The element with locator --> By.xpath: //input[2]was found
16:14:37  INFO  manager.MyListener - Start serch element by locator-->By.xpath: //button[1]
16:14:37  INFO  manager.MyListener - The element with locator --> By.xpath: //button[1]was found
16:14:39  INFO  manager.MyListener - Start serch element by locator-->By.xpath: //button[text()='Sign Out']
16:14:39  INFO  manager.MyListener - The element with locator --> By.xpath: //button[text()='Sign Out']was found
16:14:39  INFO  tests.TestBase - ****************************************
16:14:39  INFO  tests.TestBase - Start test-->registrationTestPositive
16:14:39  INFO  manager.MyListener - Start serch element by locator-->By.xpath: //button[text()='Sign Out']
16:14:39  INFO  manager.MyListener - The element with locator --> By.xpath: //button[text()='Sign Out']was found
16:14:39  INFO  manager.MyListener - Start serch element by locator-->By.xpath: //button[text()='Sign Out']
16:14:39  INFO  manager.MyListener - The element with locator --> By.xpath: //button[text()='Sign Out']was found
16:14:39  INFO  tests.TestBase - Test Registration Positive starts with >>> niko879@gmail.com &&& Nniko12345$
16:14:39  INFO  manager.MyListener - Start serch element by locator-->By.xpath: //a[text()='LOGIN']
16:14:40  INFO  manager.MyListener - The element with locator --> By.xpath: //a[text()='LOGIN']was found
16:14:40  INFO  manager.MyListener - Start serch element by locator-->By.xpath: //input[1]
16:14:40  INFO  manager.MyListener - The element with locator --> By.xpath: //input[1]was found
16:14:40  INFO  manager.MyListener - Start serch element by locator-->By.xpath: //input[2]
16:14:40  INFO  manager.MyListener - The element with locator --> By.xpath: //input[2]was found
16:14:40  INFO  manager.MyListener - Start serch element by locator-->By.xpath: //button[2]
16:14:40  INFO  manager.MyListener - The element with locator --> By.xpath: //button[2]was found
16:14:40  INFO  manager.MyListener - Start serch element by locator-->By.xpath: //button[text()='Sign Out']
16:14:40  INFO  manager.MyListener - The element with locator --> By.xpath: //button[text()='Sign Out']was found
16:14:40  INFO  tests.TestBase - ****************************************
16:14:40  INFO  tests.TestBase - Start test-->registrationTestWrongEmail
16:14:40  INFO  manager.MyListener - Start serch element by locator-->By.xpath: //button[text()='Sign Out']
16:14:40  INFO  manager.MyListener - The element with locator --> By.xpath: //button[text()='Sign Out']was found
16:14:40  INFO  manager.MyListener - Start serch element by locator-->By.xpath: //button[text()='Sign Out']
16:14:40  INFO  manager.MyListener - The element with locator --> By.xpath: //button[text()='Sign Out']was found
16:14:41  INFO  manager.MyListener - Start serch element by locator-->By.xpath: //a[text()='LOGIN']
16:14:41  INFO  manager.MyListener - The element with locator --> By.xpath: //a[text()='LOGIN']was found
16:14:41  INFO  manager.MyListener - Start serch element by locator-->By.xpath: //input[1]
16:14:41  INFO  manager.MyListener - The element with locator --> By.xpath: //input[1]was found
16:14:41  INFO  manager.MyListener - Start serch element by locator-->By.xpath: //input[2]
16:14:41  INFO  manager.MyListener - The element with locator --> By.xpath: //input[2]was found
16:14:41  INFO  manager.MyListener - Start serch element by locator-->By.xpath: //button[2]
16:14:41  INFO  manager.MyListener - The element with locator --> By.xpath: //button[2]was found
16:14:43  INFO  tests.TestBase - ****************************************
16:14:43  INFO  tests.TestBase - Start test-->removeAllContact
16:14:43  INFO  manager.MyListener - Start serch element by locator-->By.xpath: //button[text()='Sign Out']
16:14:53  INFO  manager.MyListener - The element with locator --> By.xpath: //button[text()='Sign Out']was found
16:14:53  INFO  manager.MyListener - Start serch element by locator-->By.xpath: //a[text()='LOGIN']
16:14:53  INFO  manager.MyListener - The element with locator --> By.xpath: //a[text()='LOGIN']was found
16:14:53  INFO  manager.MyListener - Start serch element by locator-->By.xpath: //input[1]
16:14:53  INFO  manager.MyListener - The element with locator --> By.xpath: //input[1]was found
16:14:54  INFO  manager.MyListener - Start serch element by locator-->By.xpath: //input[2]
16:14:54  INFO  manager.MyListener - The element with locator --> By.xpath: //input[2]was found
16:14:54  INFO  manager.MyListener - Start serch element by locator-->By.xpath: //button[1]
16:14:54  INFO  manager.MyListener - The element with locator --> By.xpath: //button[1]was found
16:14:55  INFO  manager.MyListener - Start serch element by locator-->By.cssSelector: .contact-item__card2SOIM
16:15:05  INFO  manager.MyListener - The element with locator --> By.cssSelector: .contact-item__card2SOIMwas found
16:15:05  INFO  manager.MyListener - Start serch element by locator-->By.cssSelector: .contact-page_message__2qafk h1
16:15:15  INFO  manager.MyListener - Something went wrong!!
16:15:15  INFO  manager.MyListener - no such element: Unable to locate element: {"method":"css selector","selector":".contact-page_message__2qafk h1"}
  (Session info: chrome=96.0.4664.45)
For documentation on this error, please visit: https://www.seleniumhq.org/exceptions/no_such_element.html
Build info: version: '3.141.59', revision: 'e82be7d358', time: '2018-11-14T08:17:03'
System info: host: 'DESKTOP-8LJJU6I', ip: '10.0.0.33', os.name: 'Windows 10', os.arch: 'amd64', os.version: '10.0', java.version: '1.8.0_301'
Driver info: org.openqa.selenium.chrome.ChromeDriver
Capabilities {acceptInsecureCerts: false, browserName: chrome, browserVersion: 96.0.4664.45, chrome: {chromedriverVersion: 96.0.4664.45 (76e4c1bb2ab46..., userDataDir: C:\Users\User\AppData\Local...}, goog:chromeOptions: {debuggerAddress: localhost:53165}, javascriptEnabled: true, networkConnectionEnabled: false, pageLoadStrategy: normal, platform: WINDOWS, platformName: WINDOWS, proxy: Proxy(), setWindowRect: true, strictFileInteractability: false, timeouts: {implicit: 0, pageLoad: 300000, script: 30000}, unhandledPromptBehavior: dismiss and notify, webauthn:extension:credBlob: true, webauthn:extension:largeBlob: true, webauthn:virtualAuthenticators: true}
Session ID: 0a36db7c2ccc88cf1c30d2b9663ac36c
*** Element info: {Using=css selector, value=.contact-page_message__2qafk h1}
16:15:15  INFO  manager.MyListener - org.openqa.selenium.NoSuchElementException: no such element: Unable to locate element: {"method":"css selector","selector":".contact-page_message__2qafk h1"}
  (Session info: chrome=96.0.4664.45)
For documentation on this error, please visit: https://www.seleniumhq.org/exceptions/no_such_element.html
Build info: version: '3.141.59', revision: 'e82be7d358', time: '2018-11-14T08:17:03'
System info: host: 'DESKTOP-8LJJU6I', ip: '10.0.0.33', os.name: 'Windows 10', os.arch: 'amd64', os.version: '10.0', java.version: '1.8.0_301'
Driver info: org.openqa.selenium.chrome.ChromeDriver
Capabilities {acceptInsecureCerts: false, browserName: chrome, browserVersion: 96.0.4664.45, chrome: {chromedriverVersion: 96.0.4664.45 (76e4c1bb2ab46..., userDataDir: C:\Users\User\AppData\Local...}, goog:chromeOptions: {debuggerAddress: localhost:53165}, javascriptEnabled: true, networkConnectionEnabled: false, pageLoadStrategy: normal, platform: WINDOWS, platformName: WINDOWS, proxy: Proxy(), setWindowRect: true, strictFileInteractability: false, timeouts: {implicit: 0, pageLoad: 300000, script: 30000}, unhandledPromptBehavior: dismiss and notify, webauthn:extension:credBlob: true, webauthn:extension:largeBlob: true, webauthn:virtualAuthenticators: true}
Session ID: 0a36db7c2ccc88cf1c30d2b9663ac36c
*** Element info: {Using=css selector, value=.contact-page_message__2qafk h1}
16:15:15  INFO  manager.MyListener - This link to screenshot with error-->src/test/screenshots/screenshot-915.png
16:15:15  INFO  tests.TestBase - ****************************************
16:15:15  INFO  tests.TestBase - Start test-->removeOneContact
16:15:15  INFO  manager.MyListener - Start serch element by locator-->By.xpath: //button[text()='Sign Out']
16:15:15  INFO  manager.MyListener - The element with locator --> By.xpath: //button[text()='Sign Out']was found
16:15:15  INFO  manager.MyListener - Start serch element by locator-->By.cssSelector: .contact-page_leftdiv__yhyke div
16:15:15  INFO  manager.MyListener - The element with locator --> By.cssSelector: .contact-page_leftdiv__yhyke divwas found
16:15:15  INFO  manager.HelperBase - Count of Contacts before7
16:15:15  INFO  manager.MyListener - Start serch element by locator-->By.cssSelector: .contact-item_card__2SOIM h3
16:15:15  INFO  manager.MyListener - The element with locator --> By.cssSelector: .contact-item_card__2SOIM h3was found
16:15:15  INFO  manager.HelperBase - The element that was deleted has phone number -->88005535
16:15:15  INFO  manager.MyListener - Start serch element by locator-->By.cssSelector: .contact-page_leftdiv__yhyke div
16:15:15  INFO  manager.MyListener - The element with locator --> By.cssSelector: .contact-page_leftdiv__yhyke divwas found
16:15:15  INFO  manager.MyListener - Start serch element by locator-->By.xpath: //button[.='Remove']
16:15:15  INFO  manager.MyListener - The element with locator --> By.xpath: //button[.='Remove']was found
16:15:16  INFO  manager.MyListener - Start serch element by locator-->By.cssSelector: .contact-page_leftdiv__yhyke div
16:15:16  INFO  manager.MyListener - The element with locator --> By.cssSelector: .contact-page_leftdiv__yhyke divwas found
16:15:16  INFO  manager.HelperBase - Count of Contacts after6
16:15:16  INFO  tests.TestBase - ****************************************
