15:10:19  INFO  manager.ApplicationManager - Tests starts on Chrome Driver
15:10:21  INFO  tests.TestBase - Start test-->addNewContactTest
15:10:21  INFO  manager.MyListener - Start serch element by locator-->By.xpath: //button[text()='Sign Out']
15:10:31  INFO  manager.MyListener - The element with locator --> By.xpath: //button[text()='Sign Out']was found
15:10:31  INFO  manager.MyListener - Start serch element by locator-->By.xpath: //a[.='ADD']
15:10:41  INFO  manager.MyListener - Something went wrong!!
15:10:41  INFO  manager.MyListener - no such element: Unable to locate element: {"method":"xpath","selector":"//a[.='ADD']"}
  (Session info: chrome=96.0.4664.45)
For documentation on this error, please visit: https://www.seleniumhq.org/exceptions/no_such_element.html
Build info: version: '3.141.59', revision: 'e82be7d358', time: '2018-11-14T08:17:03'
System info: host: 'DESKTOP-8LJJU6I', ip: '10.0.0.33', os.name: 'Windows 10', os.arch: 'amd64', os.version: '10.0', java.version: '1.8.0_301'
Driver info: org.openqa.selenium.chrome.ChromeDriver
Capabilities {acceptInsecureCerts: false, browserName: chrome, browserVersion: 96.0.4664.45, chrome: {chromedriverVersion: 96.0.4664.45 (76e4c1bb2ab46..., userDataDir: C:\Users\User\AppData\Local...}, goog:chromeOptions: {debuggerAddress: localhost:50072}, javascriptEnabled: true, networkConnectionEnabled: false, pageLoadStrategy: normal, platform: WINDOWS, platformName: WINDOWS, proxy: Proxy(), setWindowRect: true, strictFileInteractability: false, timeouts: {implicit: 0, pageLoad: 300000, script: 30000}, unhandledPromptBehavior: dismiss and notify, webauthn:extension:credBlob: true, webauthn:extension:largeBlob: true, webauthn:virtualAuthenticators: true}
Session ID: 80ffbe0cd8150c15b9d0d300e3a31f61
*** Element info: {Using=xpath, value=//a[.='ADD']}
15:10:41  INFO  manager.MyListener - org.openqa.selenium.NoSuchElementException: no such element: Unable to locate element: {"method":"xpath","selector":"//a[.='ADD']"}
  (Session info: chrome=96.0.4664.45)
For documentation on this error, please visit: https://www.seleniumhq.org/exceptions/no_such_element.html
Build info: version: '3.141.59', revision: 'e82be7d358', time: '2018-11-14T08:17:03'
System info: host: 'DESKTOP-8LJJU6I', ip: '10.0.0.33', os.name: 'Windows 10', os.arch: 'amd64', os.version: '10.0', java.version: '1.8.0_301'
Driver info: org.openqa.selenium.chrome.ChromeDriver
Capabilities {acceptInsecureCerts: false, browserName: chrome, browserVersion: 96.0.4664.45, chrome: {chromedriverVersion: 96.0.4664.45 (76e4c1bb2ab46..., userDataDir: C:\Users\User\AppData\Local...}, goog:chromeOptions: {debuggerAddress: localhost:50072}, javascriptEnabled: true, networkConnectionEnabled: false, pageLoadStrategy: normal, platform: WINDOWS, platformName: WINDOWS, proxy: Proxy(), setWindowRect: true, strictFileInteractability: false, timeouts: {implicit: 0, pageLoad: 300000, script: 30000}, unhandledPromptBehavior: dismiss and notify, webauthn:extension:credBlob: true, webauthn:extension:largeBlob: true, webauthn:virtualAuthenticators: true}
Session ID: 80ffbe0cd8150c15b9d0d300e3a31f61
*** Element info: {Using=xpath, value=//a[.='ADD']}
15:10:41  INFO  manager.MyListener - This link to screenshot with error-->src/test/screenshots/screenshot-641.png
15:10:41  INFO  tests.TestBase - ****************************************
15:10:41  INFO  tests.TestBase - Start test-->addNewContactTest
15:10:41  INFO  manager.MyListener - Start serch element by locator-->By.xpath: //button[text()='Sign Out']
15:10:51  INFO  manager.MyListener - The element with locator --> By.xpath: //button[text()='Sign Out']was found
15:10:51  INFO  manager.MyListener - Start serch element by locator-->By.xpath: //a[.='ADD']
15:11:01  INFO  manager.MyListener - Something went wrong!!
15:11:01  INFO  manager.MyListener - no such element: Unable to locate element: {"method":"xpath","selector":"//a[.='ADD']"}
  (Session info: chrome=96.0.4664.45)
For documentation on this error, please visit: https://www.seleniumhq.org/exceptions/no_such_element.html
Build info: version: '3.141.59', revision: 'e82be7d358', time: '2018-11-14T08:17:03'
System info: host: 'DESKTOP-8LJJU6I', ip: '10.0.0.33', os.name: 'Windows 10', os.arch: 'amd64', os.version: '10.0', java.version: '1.8.0_301'
Driver info: org.openqa.selenium.chrome.ChromeDriver
Capabilities {acceptInsecureCerts: false, browserName: chrome, browserVersion: 96.0.4664.45, chrome: {chromedriverVersion: 96.0.4664.45 (76e4c1bb2ab46..., userDataDir: C:\Users\User\AppData\Local...}, goog:chromeOptions: {debuggerAddress: localhost:50072}, javascriptEnabled: true, networkConnectionEnabled: false, pageLoadStrategy: normal, platform: WINDOWS, platformName: WINDOWS, proxy: Proxy(), setWindowRect: true, strictFileInteractability: false, timeouts: {implicit: 0, pageLoad: 300000, script: 30000}, unhandledPromptBehavior: dismiss and notify, webauthn:extension:credBlob: true, webauthn:extension:largeBlob: true, webauthn:virtualAuthenticators: true}
Session ID: 80ffbe0cd8150c15b9d0d300e3a31f61
*** Element info: {Using=xpath, value=//a[.='ADD']}
15:11:01  INFO  manager.MyListener - org.openqa.selenium.NoSuchElementException: no such element: Unable to locate element: {"method":"xpath","selector":"//a[.='ADD']"}
  (Session info: chrome=96.0.4664.45)
For documentation on this error, please visit: https://www.seleniumhq.org/exceptions/no_such_element.html
Build info: version: '3.141.59', revision: 'e82be7d358', time: '2018-11-14T08:17:03'
System info: host: 'DESKTOP-8LJJU6I', ip: '10.0.0.33', os.name: 'Windows 10', os.arch: 'amd64', os.version: '10.0', java.version: '1.8.0_301'
Driver info: org.openqa.selenium.chrome.ChromeDriver
Capabilities {acceptInsecureCerts: false, browserName: chrome, browserVersion: 96.0.4664.45, chrome: {chromedriverVersion: 96.0.4664.45 (76e4c1bb2ab46..., userDataDir: C:\Users\User\AppData\Local...}, goog:chromeOptions: {debuggerAddress: localhost:50072}, javascriptEnabled: true, networkConnectionEnabled: false, pageLoadStrategy: normal, platform: WINDOWS, platformName: WINDOWS, proxy: Proxy(), setWindowRect: true, strictFileInteractability: false, timeouts: {implicit: 0, pageLoad: 300000, script: 30000}, unhandledPromptBehavior: dismiss and notify, webauthn:extension:credBlob: true, webauthn:extension:largeBlob: true, webauthn:virtualAuthenticators: true}
Session ID: 80ffbe0cd8150c15b9d0d300e3a31f61
*** Element info: {Using=xpath, value=//a[.='ADD']}
15:11:02  INFO  manager.MyListener - This link to screenshot with error-->src/test/screenshots/screenshot-661.png
15:11:02  INFO  tests.TestBase - ****************************************
15:11:02  INFO  tests.TestBase - Start test-->addNewContactTest
15:11:02  INFO  manager.MyListener - Start serch element by locator-->By.xpath: //button[text()='Sign Out']
15:11:12  INFO  manager.MyListener - The element with locator --> By.xpath: //button[text()='Sign Out']was found
15:11:12  INFO  manager.MyListener - Start serch element by locator-->By.xpath: //a[.='ADD']
15:11:22  INFO  manager.MyListener - Something went wrong!!
15:11:22  INFO  manager.MyListener - no such element: Unable to locate element: {"method":"xpath","selector":"//a[.='ADD']"}
  (Session info: chrome=96.0.4664.45)
For documentation on this error, please visit: https://www.seleniumhq.org/exceptions/no_such_element.html
Build info: version: '3.141.59', revision: 'e82be7d358', time: '2018-11-14T08:17:03'
System info: host: 'DESKTOP-8LJJU6I', ip: '10.0.0.33', os.name: 'Windows 10', os.arch: 'amd64', os.version: '10.0', java.version: '1.8.0_301'
Driver info: org.openqa.selenium.chrome.ChromeDriver
Capabilities {acceptInsecureCerts: false, browserName: chrome, browserVersion: 96.0.4664.45, chrome: {chromedriverVersion: 96.0.4664.45 (76e4c1bb2ab46..., userDataDir: C:\Users\User\AppData\Local...}, goog:chromeOptions: {debuggerAddress: localhost:50072}, javascriptEnabled: true, networkConnectionEnabled: false, pageLoadStrategy: normal, platform: WINDOWS, platformName: WINDOWS, proxy: Proxy(), setWindowRect: true, strictFileInteractability: false, timeouts: {implicit: 0, pageLoad: 300000, script: 30000}, unhandledPromptBehavior: dismiss and notify, webauthn:extension:credBlob: true, webauthn:extension:largeBlob: true, webauthn:virtualAuthenticators: true}
Session ID: 80ffbe0cd8150c15b9d0d300e3a31f61
*** Element info: {Using=xpath, value=//a[.='ADD']}
15:11:22  INFO  manager.MyListener - org.openqa.selenium.NoSuchElementException: no such element: Unable to locate element: {"method":"xpath","selector":"//a[.='ADD']"}
  (Session info: chrome=96.0.4664.45)
For documentation on this error, please visit: https://www.seleniumhq.org/exceptions/no_such_element.html
Build info: version: '3.141.59', revision: 'e82be7d358', time: '2018-11-14T08:17:03'
System info: host: 'DESKTOP-8LJJU6I', ip: '10.0.0.33', os.name: 'Windows 10', os.arch: 'amd64', os.version: '10.0', java.version: '1.8.0_301'
Driver info: org.openqa.selenium.chrome.ChromeDriver
Capabilities {acceptInsecureCerts: false, browserName: chrome, browserVersion: 96.0.4664.45, chrome: {chromedriverVersion: 96.0.4664.45 (76e4c1bb2ab46..., userDataDir: C:\Users\User\AppData\Local...}, goog:chromeOptions: {debuggerAddress: localhost:50072}, javascriptEnabled: true, networkConnectionEnabled: false, pageLoadStrategy: normal, platform: WINDOWS, platformName: WINDOWS, proxy: Proxy(), setWindowRect: true, strictFileInteractability: false, timeouts: {implicit: 0, pageLoad: 300000, script: 30000}, unhandledPromptBehavior: dismiss and notify, webauthn:extension:credBlob: true, webauthn:extension:largeBlob: true, webauthn:virtualAuthenticators: true}
Session ID: 80ffbe0cd8150c15b9d0d300e3a31f61
*** Element info: {Using=xpath, value=//a[.='ADD']}
15:11:22  INFO  manager.MyListener - This link to screenshot with error-->src/test/screenshots/screenshot-682.png
15:11:22  INFO  tests.TestBase - ****************************************
15:11:22  INFO  tests.TestBase - Start test-->loginPositiveTest
15:11:22  INFO  manager.MyListener - Start serch element by locator-->By.xpath: //button[text()='Sign Out']
15:11:32  INFO  manager.MyListener - The element with locator --> By.xpath: //button[text()='Sign Out']was found
15:11:32  INFO  tests.TestBase - ****************************************
15:11:32  INFO  tests.TestBase - Start test-->loginTest
15:11:32  INFO  manager.MyListener - Start serch element by locator-->By.xpath: //button[text()='Sign Out']
15:11:42  INFO  manager.MyListener - The element with locator --> By.xpath: //button[text()='Sign Out']was found
15:11:42  INFO  manager.MyListener - Start serch element by locator-->By.xpath: //a[text()='LOGIN']
15:11:42  INFO  manager.MyListener - The element with locator --> By.xpath: //a[text()='LOGIN']was found
15:11:42  INFO  manager.MyListener - Start serch element by locator-->By.xpath: //input[1]
15:11:42  INFO  manager.MyListener - The element with locator --> By.xpath: //input[1]was found
15:11:42  INFO  manager.MyListener - Start serch element by locator-->By.xpath: //input[2]
15:11:42  INFO  manager.MyListener - The element with locator --> By.xpath: //input[2]was found
15:11:42  INFO  manager.MyListener - Start serch element by locator-->By.xpath: //button[1]
15:11:42  INFO  manager.MyListener - The element with locator --> By.xpath: //button[1]was found
15:11:43  INFO  manager.MyListener - Start serch element by locator-->By.xpath: //button[text()='Sign Out']
15:11:44  INFO  manager.MyListener - The element with locator --> By.xpath: //button[text()='Sign Out']was found
15:11:44  INFO  tests.TestBase - ****************************************
15:11:44  INFO  tests.TestBase - Start test-->loginTestModel
15:11:44  INFO  manager.MyListener - Start serch element by locator-->By.xpath: //button[text()='Sign Out']
15:11:44  INFO  manager.MyListener - The element with locator --> By.xpath: //button[text()='Sign Out']was found
15:11:44  INFO  manager.MyListener - Start serch element by locator-->By.xpath: //button[text()='Sign Out']
15:11:44  INFO  manager.MyListener - The element with locator --> By.xpath: //button[text()='Sign Out']was found
15:11:44  INFO  manager.MyListener - Start serch element by locator-->By.xpath: //a[text()='LOGIN']
15:11:44  INFO  manager.MyListener - The element with locator --> By.xpath: //a[text()='LOGIN']was found
15:11:44  INFO  manager.MyListener - Start serch element by locator-->By.xpath: //input[1]
15:11:44  INFO  manager.MyListener - The element with locator --> By.xpath: //input[1]was found
15:11:44  INFO  manager.MyListener - Start serch element by locator-->By.xpath: //input[2]
15:11:44  INFO  manager.MyListener - The element with locator --> By.xpath: //input[2]was found
15:11:44  INFO  manager.MyListener - Start serch element by locator-->By.xpath: //button[1]
15:11:44  INFO  manager.MyListener - The element with locator --> By.xpath: //button[1]was found
15:11:46  INFO  manager.MyListener - Start serch element by locator-->By.xpath: //button[text()='Sign Out']
15:11:46  INFO  manager.MyListener - The element with locator --> By.xpath: //button[text()='Sign Out']was found
15:11:46  INFO  tests.TestBase - ****************************************
15:11:46  INFO  tests.TestBase - Start test-->registrationTestPositive
15:11:46  INFO  manager.MyListener - Start serch element by locator-->By.xpath: //button[text()='Sign Out']
15:11:47  INFO  manager.MyListener - The element with locator --> By.xpath: //button[text()='Sign Out']was found
15:11:47  INFO  manager.MyListener - Start serch element by locator-->By.xpath: //button[text()='Sign Out']
15:11:47  INFO  manager.MyListener - The element with locator --> By.xpath: //button[text()='Sign Out']was found
15:11:47  INFO  tests.TestBase - Test Registration Positive starts with >>> niko707@gmail.com &&& Nniko12345$
15:11:47  INFO  manager.MyListener - Start serch element by locator-->By.xpath: //a[text()='LOGIN']
15:11:47  INFO  manager.MyListener - The element with locator --> By.xpath: //a[text()='LOGIN']was found
15:11:47  INFO  manager.MyListener - Start serch element by locator-->By.xpath: //input[1]
15:11:47  INFO  manager.MyListener - The element with locator --> By.xpath: //input[1]was found
15:11:47  INFO  manager.MyListener - Start serch element by locator-->By.xpath: //input[2]
15:11:47  INFO  manager.MyListener - The element with locator --> By.xpath: //input[2]was found
15:11:47  INFO  manager.MyListener - Start serch element by locator-->By.xpath: //button[2]
15:11:47  INFO  manager.MyListener - The element with locator --> By.xpath: //button[2]was found
15:11:47  INFO  manager.MyListener - Start serch element by locator-->By.xpath: //button[text()='Sign Out']
15:11:47  INFO  manager.MyListener - The element with locator --> By.xpath: //button[text()='Sign Out']was found
15:11:47  INFO  tests.TestBase - ****************************************
15:11:47  INFO  tests.TestBase - Start test-->registrationTestWrongEmail
15:11:47  INFO  manager.MyListener - Start serch element by locator-->By.xpath: //button[text()='Sign Out']
15:11:47  INFO  manager.MyListener - The element with locator --> By.xpath: //button[text()='Sign Out']was found
15:11:47  INFO  manager.MyListener - Start serch element by locator-->By.xpath: //button[text()='Sign Out']
15:11:47  INFO  manager.MyListener - The element with locator --> By.xpath: //button[text()='Sign Out']was found
15:11:47  INFO  manager.MyListener - Start serch element by locator-->By.xpath: //a[text()='LOGIN']
15:11:47  INFO  manager.MyListener - The element with locator --> By.xpath: //a[text()='LOGIN']was found
15:11:47  INFO  manager.MyListener - Start serch element by locator-->By.xpath: //input[1]
15:11:47  INFO  manager.MyListener - The element with locator --> By.xpath: //input[1]was found
15:11:47  INFO  manager.MyListener - Start serch element by locator-->By.xpath: //input[2]
15:11:47  INFO  manager.MyListener - The element with locator --> By.xpath: //input[2]was found
15:11:48  INFO  manager.MyListener - Start serch element by locator-->By.xpath: //button[2]
15:11:48  INFO  manager.MyListener - The element with locator --> By.xpath: //button[2]was found
15:11:50  INFO  tests.TestBase - ****************************************
15:11:50  INFO  tests.TestBase - Start test-->removeOneContact
15:11:50  INFO  manager.MyListener - Start serch element by locator-->By.xpath: //button[text()='Sign Out']
15:12:00  INFO  manager.MyListener - The element with locator --> By.xpath: //button[text()='Sign Out']was found
15:12:00  INFO  manager.MyListener - Start serch element by locator-->By.cssSelector: .contact-item__card2SOIM
15:12:10  INFO  manager.MyListener - The element with locator --> By.cssSelector: .contact-item__card2SOIMwas found
15:12:10  INFO  manager.HelperBase - Count of Contacts before0
15:12:10  INFO  manager.MyListener - Start serch element by locator-->By.cssSelector: .contact-item__card2SOIM
15:12:20  INFO  manager.MyListener - The element with locator --> By.cssSelector: .contact-item__card2SOIMwas found
15:12:20  INFO  manager.MyListener - Start serch element by locator-->By.cssSelector: .contact-item__card2SOIM
15:12:30  INFO  manager.MyListener - The element with locator --> By.cssSelector: .contact-item__card2SOIMwas found
15:12:30  INFO  manager.HelperBase - Count of Contacts after0
15:12:30  INFO  tests.TestBase - ****************************************
