20:16:43  INFO  manager.ApplicationManager - Tests starts on FireFox Driver
20:16:44  INFO  tests.TestBase - Start test-->loginTest
20:16:44  INFO  manager.MyListener - Start serch element by locator-->By.xpath: //button[text()='Sign Out']
20:16:54  INFO  manager.MyListener - The element with locator --> By.xpath: //button[text()='Sign Out']was found
20:16:54  INFO  manager.MyListener - Start serch element by locator-->By.xpath: //a[text()='LOGIN']
20:16:54  INFO  manager.MyListener - The element with locator --> By.xpath: //a[text()='LOGIN']was found
20:16:54  INFO  manager.MyListener - Start serch element by locator-->By.xpath: //input[1]
20:16:54  INFO  manager.MyListener - The element with locator --> By.xpath: //input[1]was found
20:16:55  INFO  manager.MyListener - Start serch element by locator-->By.xpath: //input[2]
20:16:55  INFO  manager.MyListener - The element with locator --> By.xpath: //input[2]was found
20:16:55  INFO  manager.MyListener - Start serch element by locator-->By.xpath: //button[1]
20:16:55  INFO  manager.MyListener - The element with locator --> By.xpath: //button[1]was found
20:16:56  INFO  manager.MyListener - Start serch element by locator-->By.xpath: //button[text()='Sign Out']
20:16:56  INFO  manager.MyListener - The element with locator --> By.xpath: //button[text()='Sign Out']was found
20:16:56  INFO  tests.TestBase - ****************************************
20:16:56  INFO  tests.TestBase - Start test-->addNewContactTest
20:16:56  INFO  manager.MyListener - Start serch element by locator-->By.xpath: //button[text()='Sign Out']
20:16:56  INFO  manager.MyListener - The element with locator --> By.xpath: //button[text()='Sign Out']was found
20:16:56  INFO  manager.MyListener - Start serch element by locator-->By.xpath: //a[@href='/add']
20:16:56  INFO  manager.MyListener - The element with locator --> By.xpath: //a[@href='/add']was found
20:16:56  INFO  manager.MyListener - Start serch element by locator-->By.xpath: //a[@href='/add']
20:16:56  INFO  manager.MyListener - The element with locator --> By.xpath: //a[@href='/add']was found
20:16:57  INFO  manager.MyListener - Start serch element by locator-->By.cssSelector: [placeholder='Name']
20:16:57  INFO  manager.MyListener - The element with locator --> By.cssSelector: [placeholder='Name']was found
20:16:57  INFO  manager.MyListener - Start serch element by locator-->By.cssSelector: [placeholder='Last Name']
20:16:57  INFO  manager.MyListener - The element with locator --> By.cssSelector: [placeholder='Last Name']was found
20:16:57  INFO  manager.MyListener - Start serch element by locator-->By.cssSelector: [placeholder='Phone']
20:16:57  INFO  manager.MyListener - The element with locator --> By.cssSelector: [placeholder='Phone']was found
20:16:58  INFO  manager.MyListener - Start serch element by locator-->By.cssSelector: [placeholder='email']
20:16:58  INFO  manager.MyListener - The element with locator --> By.cssSelector: [placeholder='email']was found
20:16:58  INFO  manager.MyListener - Start serch element by locator-->By.cssSelector: [placeholder='Address']
20:16:58  INFO  manager.MyListener - The element with locator --> By.cssSelector: [placeholder='Address']was found
20:16:58  INFO  manager.MyListener - Start serch element by locator-->By.cssSelector: [placeholder='description']
20:16:58  INFO  manager.MyListener - The element with locator --> By.cssSelector: [placeholder='description']was found
20:16:58  INFO  manager.MyListener - Start serch element by locator-->By.xpath: //button[.='Save']
20:16:58  INFO  manager.MyListener - The element with locator --> By.xpath: //button[.='Save']was found
20:16:59  INFO  manager.MyListener - Start serch element by locator-->By.cssSelector: h3
20:16:59  INFO  manager.MyListener - The element with locator --> By.cssSelector: h3was found
20:16:59  INFO  tests.TestBase - ****************************************
20:16:59  INFO  tests.TestBase - Start test-->addNewContactTest
20:16:59  INFO  manager.MyListener - Start serch element by locator-->By.xpath: //button[text()='Sign Out']
20:16:59  INFO  manager.MyListener - The element with locator --> By.xpath: //button[text()='Sign Out']was found
20:16:59  INFO  manager.MyListener - Start serch element by locator-->By.xpath: //a[@href='/add']
20:16:59  INFO  manager.MyListener - The element with locator --> By.xpath: //a[@href='/add']was found
20:16:59  INFO  manager.MyListener - Start serch element by locator-->By.xpath: //a[@href='/add']
20:16:59  INFO  manager.MyListener - The element with locator --> By.xpath: //a[@href='/add']was found
20:16:59  INFO  manager.MyListener - Start serch element by locator-->By.cssSelector: [placeholder='Name']
20:16:59  INFO  manager.MyListener - The element with locator --> By.cssSelector: [placeholder='Name']was found
20:16:59  INFO  manager.MyListener - Start serch element by locator-->By.cssSelector: [placeholder='Last Name']
20:16:59  INFO  manager.MyListener - The element with locator --> By.cssSelector: [placeholder='Last Name']was found
20:17:00  INFO  manager.MyListener - Start serch element by locator-->By.cssSelector: [placeholder='Phone']
20:17:00  INFO  manager.MyListener - The element with locator --> By.cssSelector: [placeholder='Phone']was found
20:17:00  INFO  manager.MyListener - Start serch element by locator-->By.cssSelector: [placeholder='email']
20:17:00  INFO  manager.MyListener - The element with locator --> By.cssSelector: [placeholder='email']was found
20:17:00  INFO  manager.MyListener - Start serch element by locator-->By.cssSelector: [placeholder='Address']
20:17:00  INFO  manager.MyListener - The element with locator --> By.cssSelector: [placeholder='Address']was found
20:17:01  INFO  manager.MyListener - Start serch element by locator-->By.cssSelector: [placeholder='description']
20:17:01  INFO  manager.MyListener - The element with locator --> By.cssSelector: [placeholder='description']was found
20:17:01  INFO  manager.MyListener - Start serch element by locator-->By.xpath: //button[.='Save']
20:17:01  INFO  manager.MyListener - The element with locator --> By.xpath: //button[.='Save']was found
20:17:01  INFO  manager.MyListener - Start serch element by locator-->By.cssSelector: h3
20:17:01  INFO  manager.MyListener - The element with locator --> By.cssSelector: h3was found
20:17:01  INFO  tests.TestBase - ****************************************
20:17:01  INFO  tests.TestBase - Start test-->registrationTestWrongEmail
20:17:01  INFO  manager.MyListener - Start serch element by locator-->By.xpath: //button[text()='Sign Out']
20:17:01  INFO  manager.MyListener - The element with locator --> By.xpath: //button[text()='Sign Out']was found
20:17:01  INFO  manager.MyListener - Start serch element by locator-->By.xpath: //button[text()='Sign Out']
20:17:01  INFO  manager.MyListener - The element with locator --> By.xpath: //button[text()='Sign Out']was found
20:17:02  INFO  manager.MyListener - Start serch element by locator-->By.xpath: //a[text()='LOGIN']
20:17:02  INFO  manager.MyListener - The element with locator --> By.xpath: //a[text()='LOGIN']was found
20:17:02  INFO  manager.MyListener - Start serch element by locator-->By.xpath: //input[1]
20:17:02  INFO  manager.MyListener - The element with locator --> By.xpath: //input[1]was found
20:17:02  INFO  manager.MyListener - Start serch element by locator-->By.xpath: //input[2]
20:17:02  INFO  manager.MyListener - The element with locator --> By.xpath: //input[2]was found
20:17:02  INFO  manager.MyListener - Start serch element by locator-->By.xpath: //button[2]
20:17:03  INFO  manager.MyListener - The element with locator --> By.xpath: //button[2]was found
20:17:05  INFO  tests.TestBase - ****************************************
