17:42:28  INFO  manager.ApplicationManager - Tests starts on Chrome Driver
17:42:29  INFO  tests.TestBase - Start test-->removeOneContact
17:42:29  INFO  manager.MyListener - Start serch element by locator-->By.xpath: //button[text()='Sign Out']
17:42:39  INFO  manager.MyListener - The element with locator --> By.xpath: //button[text()='Sign Out']was found
17:42:39  INFO  manager.MyListener - Start serch element by locator-->By.xpath: //a[text()='LOGIN']
17:42:39  INFO  manager.MyListener - The element with locator --> By.xpath: //a[text()='LOGIN']was found
17:42:39  INFO  manager.MyListener - Start serch element by locator-->By.xpath: //input[1]
17:42:39  INFO  manager.MyListener - The element with locator --> By.xpath: //input[1]was found
17:42:39  INFO  manager.MyListener - Start serch element by locator-->By.xpath: //input[2]
17:42:39  INFO  manager.MyListener - The element with locator --> By.xpath: //input[2]was found
17:42:39  INFO  manager.MyListener - Start serch element by locator-->By.xpath: //button[1]
17:42:39  INFO  manager.MyListener - The element with locator --> By.xpath: //button[1]was found
17:42:40  INFO  manager.MyListener - Start serch element by locator-->By.cssSelector: .contact-item__card2SOIM
17:42:50  INFO  manager.MyListener - The element with locator --> By.cssSelector: .contact-item__card2SOIMwas found
17:42:50  INFO  manager.HelperBase - Count of Contacts before0
17:42:50  INFO  manager.MyListener - Start serch element by locator-->By.cssSelector: .contact-item__card2SOIM
17:43:01  INFO  manager.MyListener - The element with locator --> By.cssSelector: .contact-item__card2SOIMwas found
17:43:01  INFO  manager.MyListener - Start serch element by locator-->By.cssSelector: .contact-item__card2SOIM
17:43:11  INFO  manager.MyListener - The element with locator --> By.cssSelector: .contact-item__card2SOIMwas found
17:43:11  INFO  manager.HelperBase - Count of Contacts after0
17:43:11  INFO  tests.TestBase - ****************************************
