23:12:16  INFO  manager.ApplicationManager - Tests starts on Chrome Driver
23:12:17  INFO  tests.TestBase - Start test-->loginTest
23:12:17  INFO  manager.MyListener - Start serch element by locator-->By.xpath: //button[text()='Sign Out']
23:12:27  INFO  manager.MyListener - The element with locator --> By.xpath: //button[text()='Sign Out']was found
23:12:27  INFO  manager.MyListener - Start serch element by locator-->By.xpath: //a[text()='LOGIN']
23:12:27  INFO  manager.MyListener - The element with locator --> By.xpath: //a[text()='LOGIN']was found
23:12:27  INFO  manager.MyListener - Start serch element by locator-->By.xpath: //input[1]
23:12:27  INFO  manager.MyListener - The element with locator --> By.xpath: //input[1]was found
23:12:28  INFO  manager.MyListener - Start serch element by locator-->By.xpath: //input[2]
23:12:28  INFO  manager.MyListener - The element with locator --> By.xpath: //input[2]was found
23:12:28  INFO  manager.MyListener - Start serch element by locator-->By.xpath: //button[1]
23:12:28  INFO  manager.MyListener - The element with locator --> By.xpath: //button[1]was found
23:12:29  INFO  manager.MyListener - Start serch element by locator-->By.xpath: //button[text()='Sign Out']
23:12:39  INFO  manager.MyListener - The element with locator --> By.xpath: //button[text()='Sign Out']was found
23:12:39  INFO  tests.TestBase - ****************************************
23:12:39  INFO  tests.TestBase - Start test-->addNewContactTest
23:12:39  INFO  manager.MyListener - Start serch element by locator-->By.xpath: //button[text()='Sign Out']
23:12:45  INFO  manager.MyListener - The element with locator --> By.xpath: //button[text()='Sign Out']was found
23:12:45  INFO  manager.MyListener - Start serch element by locator-->By.xpath: //a[.='ADD']
23:12:45  INFO  manager.MyListener - The element with locator --> By.xpath: //a[.='ADD']was found
23:12:45  INFO  manager.MyListener - Start serch element by locator-->By.cssSelector: [placeholder='Name']
23:12:45  INFO  manager.MyListener - The element with locator --> By.cssSelector: [placeholder='Name']was found
23:12:45  INFO  manager.MyListener - Start serch element by locator-->By.cssSelector: [placeholder='Last name']
23:12:55  INFO  manager.MyListener - Something went wrong!!
23:12:55  INFO  manager.MyListener - no such element: Unable to locate element: {"method":"css selector","selector":"[placeholder='Last name']"}
  (Session info: chrome=96.0.4664.45)
For documentation on this error, please visit: https://www.seleniumhq.org/exceptions/no_such_element.html
Build info: version: '3.141.59', revision: 'e82be7d358', time: '2018-11-14T08:17:03'
System info: host: 'DESKTOP-8LJJU6I', ip: '10.0.0.33', os.name: 'Windows 10', os.arch: 'amd64', os.version: '10.0', java.version: '1.8.0_301'
Driver info: org.openqa.selenium.chrome.ChromeDriver
Capabilities {acceptInsecureCerts: false, browserName: chrome, browserVersion: 96.0.4664.45, chrome: {chromedriverVersion: 96.0.4664.45 (76e4c1bb2ab46..., userDataDir: C:\Users\User\AppData\Local...}, goog:chromeOptions: {debuggerAddress: localhost:59805}, javascriptEnabled: true, networkConnectionEnabled: false, pageLoadStrategy: normal, platform: WINDOWS, platformName: WINDOWS, proxy: Proxy(), setWindowRect: true, strictFileInteractability: false, timeouts: {implicit: 0, pageLoad: 300000, script: 30000}, unhandledPromptBehavior: dismiss and notify, webauthn:extension:credBlob: true, webauthn:extension:largeBlob: true, webauthn:virtualAuthenticators: true}
Session ID: ae18418e6590f44dac7adfe2cd890183
*** Element info: {Using=css selector, value=[placeholder='Last name']}
23:12:55  INFO  manager.MyListener - org.openqa.selenium.NoSuchElementException: no such element: Unable to locate element: {"method":"css selector","selector":"[placeholder='Last name']"}
  (Session info: chrome=96.0.4664.45)
For documentation on this error, please visit: https://www.seleniumhq.org/exceptions/no_such_element.html
Build info: version: '3.141.59', revision: 'e82be7d358', time: '2018-11-14T08:17:03'
System info: host: 'DESKTOP-8LJJU6I', ip: '10.0.0.33', os.name: 'Windows 10', os.arch: 'amd64', os.version: '10.0', java.version: '1.8.0_301'
Driver info: org.openqa.selenium.chrome.ChromeDriver
Capabilities {acceptInsecureCerts: false, browserName: chrome, browserVersion: 96.0.4664.45, chrome: {chromedriverVersion: 96.0.4664.45 (76e4c1bb2ab46..., userDataDir: C:\Users\User\AppData\Local...}, goog:chromeOptions: {debuggerAddress: localhost:59805}, javascriptEnabled: true, networkConnectionEnabled: false, pageLoadStrategy: normal, platform: WINDOWS, platformName: WINDOWS, proxy: Proxy(), setWindowRect: true, strictFileInteractability: false, timeouts: {implicit: 0, pageLoad: 300000, script: 30000}, unhandledPromptBehavior: dismiss and notify, webauthn:extension:credBlob: true, webauthn:extension:largeBlob: true, webauthn:virtualAuthenticators: true}
Session ID: ae18418e6590f44dac7adfe2cd890183
*** Element info: {Using=css selector, value=[placeholder='Last name']}
23:12:56  INFO  manager.MyListener - This link to screenshot with error-->src/test/screenshots/screenshot-775.png
23:12:56  INFO  tests.TestBase - ****************************************
23:12:56  INFO  tests.TestBase - Start test-->addNewContactTest
23:12:56  INFO  manager.MyListener - Start serch element by locator-->By.xpath: //button[text()='Sign Out']
23:12:56  INFO  manager.MyListener - The element with locator --> By.xpath: //button[text()='Sign Out']was found
23:12:56  INFO  manager.MyListener - Start serch element by locator-->By.xpath: //a[.='ADD']
23:12:56  INFO  manager.MyListener - The element with locator --> By.xpath: //a[.='ADD']was found
23:12:56  INFO  manager.MyListener - Start serch element by locator-->By.cssSelector: [placeholder='Name']
23:12:56  INFO  manager.MyListener - The element with locator --> By.cssSelector: [placeholder='Name']was found
23:12:56  INFO  manager.MyListener - Start serch element by locator-->By.cssSelector: [placeholder='Last name']
23:13:06  INFO  manager.MyListener - Something went wrong!!
23:13:06  INFO  manager.MyListener - no such element: Unable to locate element: {"method":"css selector","selector":"[placeholder='Last name']"}
  (Session info: chrome=96.0.4664.45)
For documentation on this error, please visit: https://www.seleniumhq.org/exceptions/no_such_element.html
Build info: version: '3.141.59', revision: 'e82be7d358', time: '2018-11-14T08:17:03'
System info: host: 'DESKTOP-8LJJU6I', ip: '10.0.0.33', os.name: 'Windows 10', os.arch: 'amd64', os.version: '10.0', java.version: '1.8.0_301'
Driver info: org.openqa.selenium.chrome.ChromeDriver
Capabilities {acceptInsecureCerts: false, browserName: chrome, browserVersion: 96.0.4664.45, chrome: {chromedriverVersion: 96.0.4664.45 (76e4c1bb2ab46..., userDataDir: C:\Users\User\AppData\Local...}, goog:chromeOptions: {debuggerAddress: localhost:59805}, javascriptEnabled: true, networkConnectionEnabled: false, pageLoadStrategy: normal, platform: WINDOWS, platformName: WINDOWS, proxy: Proxy(), setWindowRect: true, strictFileInteractability: false, timeouts: {implicit: 0, pageLoad: 300000, script: 30000}, unhandledPromptBehavior: dismiss and notify, webauthn:extension:credBlob: true, webauthn:extension:largeBlob: true, webauthn:virtualAuthenticators: true}
Session ID: ae18418e6590f44dac7adfe2cd890183
*** Element info: {Using=css selector, value=[placeholder='Last name']}
23:13:06  INFO  manager.MyListener - org.openqa.selenium.NoSuchElementException: no such element: Unable to locate element: {"method":"css selector","selector":"[placeholder='Last name']"}
  (Session info: chrome=96.0.4664.45)
For documentation on this error, please visit: https://www.seleniumhq.org/exceptions/no_such_element.html
Build info: version: '3.141.59', revision: 'e82be7d358', time: '2018-11-14T08:17:03'
System info: host: 'DESKTOP-8LJJU6I', ip: '10.0.0.33', os.name: 'Windows 10', os.arch: 'amd64', os.version: '10.0', java.version: '1.8.0_301'
Driver info: org.openqa.selenium.chrome.ChromeDriver
Capabilities {acceptInsecureCerts: false, browserName: chrome, browserVersion: 96.0.4664.45, chrome: {chromedriverVersion: 96.0.4664.45 (76e4c1bb2ab46..., userDataDir: C:\Users\User\AppData\Local...}, goog:chromeOptions: {debuggerAddress: localhost:59805}, javascriptEnabled: true, networkConnectionEnabled: false, pageLoadStrategy: normal, platform: WINDOWS, platformName: WINDOWS, proxy: Proxy(), setWindowRect: true, strictFileInteractability: false, timeouts: {implicit: 0, pageLoad: 300000, script: 30000}, unhandledPromptBehavior: dismiss and notify, webauthn:extension:credBlob: true, webauthn:extension:largeBlob: true, webauthn:virtualAuthenticators: true}
Session ID: ae18418e6590f44dac7adfe2cd890183
*** Element info: {Using=css selector, value=[placeholder='Last name']}
23:13:06  INFO  manager.MyListener - This link to screenshot with error-->src/test/screenshots/screenshot-786.png
23:13:06  INFO  tests.TestBase - ****************************************
23:13:06  INFO  tests.TestBase - Start test-->registrationTestWrongEmail
23:13:06  INFO  manager.MyListener - Start serch element by locator-->By.xpath: //button[text()='Sign Out']
23:13:06  INFO  manager.MyListener - The element with locator --> By.xpath: //button[text()='Sign Out']was found
23:13:06  INFO  manager.MyListener - Start serch element by locator-->By.xpath: //button[text()='Sign Out']
23:13:06  INFO  manager.MyListener - The element with locator --> By.xpath: //button[text()='Sign Out']was found
23:13:07  INFO  manager.MyListener - Start serch element by locator-->By.xpath: //a[text()='LOGIN']
23:13:07  INFO  manager.MyListener - The element with locator --> By.xpath: //a[text()='LOGIN']was found
23:13:07  INFO  manager.MyListener - Start serch element by locator-->By.xpath: //input[1]
23:13:07  INFO  manager.MyListener - The element with locator --> By.xpath: //input[1]was found
23:13:07  INFO  manager.MyListener - Start serch element by locator-->By.xpath: //input[2]
23:13:07  INFO  manager.MyListener - The element with locator --> By.xpath: //input[2]was found
23:13:07  INFO  manager.MyListener - Start serch element by locator-->By.xpath: //button[2]
23:13:07  INFO  manager.MyListener - The element with locator --> By.xpath: //button[2]was found
23:13:09  INFO  tests.TestBase - ****************************************
