17:49:11  INFO  manager.ApplicationManager - Tests starts on Chrome Driver
17:49:12  INFO  tests.TestBase - Start test-->removeOneContact
17:49:12  INFO  manager.MyListener - Start serch element by locator-->By.xpath: //button[text()='Sign Out']
17:49:22  INFO  manager.MyListener - The element with locator --> By.xpath: //button[text()='Sign Out']was found
17:49:22  INFO  manager.MyListener - Start serch element by locator-->By.xpath: //a[text()='LOGIN']
17:49:22  INFO  manager.MyListener - The element with locator --> By.xpath: //a[text()='LOGIN']was found
17:49:22  INFO  manager.MyListener - Start serch element by locator-->By.xpath: //input[1]
17:49:22  INFO  manager.MyListener - The element with locator --> By.xpath: //input[1]was found
17:49:22  INFO  manager.MyListener - Start serch element by locator-->By.xpath: //input[2]
17:49:22  INFO  manager.MyListener - The element with locator --> By.xpath: //input[2]was found
17:49:22  INFO  manager.MyListener - Start serch element by locator-->By.xpath: //button[1]
17:49:22  INFO  manager.MyListener - The element with locator --> By.xpath: //button[1]was found
17:49:23  INFO  manager.MyListener - Start serch element by locator-->By.cssSelector: .contact-item__card2SOIM
17:49:33  INFO  manager.MyListener - The element with locator --> By.cssSelector: .contact-item__card2SOIMwas found
17:49:33  INFO  manager.HelperBase - Count of Contacts before0
17:49:33  INFO  manager.MyListener - Start serch element by locator-->By.cssSelector: .contact-item_card__2SOIM h3
17:49:33  INFO  manager.MyListener - The element with locator --> By.cssSelector: .contact-item_card__2SOIM h3was found
17:49:33  INFO  manager.HelperBase - The element that was deleted has phone number -->121062189709
17:49:33  INFO  manager.MyListener - Start serch element by locator-->By.cssSelector: .contact-page_leftdiv__yhyke div
17:49:33  INFO  manager.MyListener - The element with locator --> By.cssSelector: .contact-page_leftdiv__yhyke divwas found
17:49:34  INFO  manager.MyListener - Start serch element by locator-->By.xpath: //button[.='Remove']
17:49:34  INFO  manager.MyListener - The element with locator --> By.xpath: //button[.='Remove']was found
17:49:35  INFO  manager.MyListener - Start serch element by locator-->By.cssSelector: .contact-item__card2SOIM
17:49:45  INFO  manager.MyListener - The element with locator --> By.cssSelector: .contact-item__card2SOIMwas found
17:49:45  INFO  manager.HelperBase - Count of Contacts after0
17:49:45  INFO  tests.TestBase - ****************************************
