23:37:52  INFO  manager.ApplicationManager - Tests starts on Chrome Driver
23:37:53  INFO  tests.TestBase - Start test-->addNewContactTest
23:37:53  INFO  manager.MyListener - Start serch element by locator-->By.xpath: //button[text()='Sign Out']
23:38:03  INFO  manager.MyListener - The element with locator --> By.xpath: //button[text()='Sign Out']was found
23:38:03  INFO  manager.MyListener - Start serch element by locator-->By.xpath: //a[text()='LOGIN']
23:38:03  INFO  manager.MyListener - The element with locator --> By.xpath: //a[text()='LOGIN']was found
23:38:03  INFO  manager.MyListener - Start serch element by locator-->By.xpath: //input[1]
23:38:03  INFO  manager.MyListener - The element with locator --> By.xpath: //input[1]was found
23:38:04  INFO  manager.MyListener - Start serch element by locator-->By.xpath: //input[2]
23:38:04  INFO  manager.MyListener - The element with locator --> By.xpath: //input[2]was found
23:38:04  INFO  manager.MyListener - Start serch element by locator-->By.xpath: //button[1]
23:38:04  INFO  manager.MyListener - The element with locator --> By.xpath: //button[1]was found
23:38:05  INFO  manager.MyListener - Start serch element by locator-->By.xpath: //a[@href='/add']
23:38:05  INFO  manager.MyListener - The element with locator --> By.xpath: //a[@href='/add']was found
23:38:05  INFO  manager.MyListener - Start serch element by locator-->By.xpath: //a[@href='/add']
23:38:05  INFO  manager.MyListener - The element with locator --> By.xpath: //a[@href='/add']was found
23:38:05  INFO  manager.MyListener - Start serch element by locator-->By.cssSelector: [placeholder='Name']
23:38:05  INFO  manager.MyListener - The element with locator --> By.cssSelector: [placeholder='Name']was found
23:38:05  INFO  manager.MyListener - Start serch element by locator-->By.cssSelector: [placeholder='Last name']
23:38:15  INFO  manager.MyListener - Something went wrong!!
23:38:15  INFO  manager.MyListener - no such element: Unable to locate element: {"method":"css selector","selector":"[placeholder='Last name']"}
  (Session info: chrome=96.0.4664.45)
For documentation on this error, please visit: https://www.seleniumhq.org/exceptions/no_such_element.html
Build info: version: '3.141.59', revision: 'e82be7d358', time: '2018-11-14T08:17:03'
System info: host: 'DESKTOP-8LJJU6I', ip: '10.0.0.33', os.name: 'Windows 10', os.arch: 'amd64', os.version: '10.0', java.version: '1.8.0_301'
Driver info: org.openqa.selenium.chrome.ChromeDriver
Capabilities {acceptInsecureCerts: false, browserName: chrome, browserVersion: 96.0.4664.45, chrome: {chromedriverVersion: 96.0.4664.45 (76e4c1bb2ab46..., userDataDir: C:\Users\User\AppData\Local...}, goog:chromeOptions: {debuggerAddress: localhost:59914}, javascriptEnabled: true, networkConnectionEnabled: false, pageLoadStrategy: normal, platform: WINDOWS, platformName: WINDOWS, proxy: Proxy(), setWindowRect: true, strictFileInteractability: false, timeouts: {implicit: 0, pageLoad: 300000, script: 30000}, unhandledPromptBehavior: dismiss and notify, webauthn:extension:credBlob: true, webauthn:extension:largeBlob: true, webauthn:virtualAuthenticators: true}
Session ID: 5582655bdb29c0429823a5690eadb3d4
*** Element info: {Using=css selector, value=[placeholder='Last name']}
23:38:15  INFO  manager.MyListener - org.openqa.selenium.NoSuchElementException: no such element: Unable to locate element: {"method":"css selector","selector":"[placeholder='Last name']"}
  (Session info: chrome=96.0.4664.45)
For documentation on this error, please visit: https://www.seleniumhq.org/exceptions/no_such_element.html
Build info: version: '3.141.59', revision: 'e82be7d358', time: '2018-11-14T08:17:03'
System info: host: 'DESKTOP-8LJJU6I', ip: '10.0.0.33', os.name: 'Windows 10', os.arch: 'amd64', os.version: '10.0', java.version: '1.8.0_301'
Driver info: org.openqa.selenium.chrome.ChromeDriver
Capabilities {acceptInsecureCerts: false, browserName: chrome, browserVersion: 96.0.4664.45, chrome: {chromedriverVersion: 96.0.4664.45 (76e4c1bb2ab46..., userDataDir: C:\Users\User\AppData\Local...}, goog:chromeOptions: {debuggerAddress: localhost:59914}, javascriptEnabled: true, networkConnectionEnabled: false, pageLoadStrategy: normal, platform: WINDOWS, platformName: WINDOWS, proxy: Proxy(), setWindowRect: true, strictFileInteractability: false, timeouts: {implicit: 0, pageLoad: 300000, script: 30000}, unhandledPromptBehavior: dismiss and notify, webauthn:extension:credBlob: true, webauthn:extension:largeBlob: true, webauthn:virtualAuthenticators: true}
Session ID: 5582655bdb29c0429823a5690eadb3d4
*** Element info: {Using=css selector, value=[placeholder='Last name']}
23:38:16  INFO  manager.MyListener - This link to screenshot with error-->src/test/screenshots/screenshot-2295.png
23:38:16  INFO  tests.TestBase - ****************************************
23:38:16  INFO  tests.TestBase - Start test-->addNewContactTest
23:38:16  INFO  manager.MyListener - Start serch element by locator-->By.xpath: //button[text()='Sign Out']
23:38:16  INFO  manager.MyListener - The element with locator --> By.xpath: //button[text()='Sign Out']was found
23:38:16  INFO  manager.MyListener - Start serch element by locator-->By.xpath: //a[@href='/add']
23:38:16  INFO  manager.MyListener - The element with locator --> By.xpath: //a[@href='/add']was found
23:38:16  INFO  manager.MyListener - Start serch element by locator-->By.xpath: //a[@href='/add']
23:38:16  INFO  manager.MyListener - The element with locator --> By.xpath: //a[@href='/add']was found
23:38:16  INFO  manager.MyListener - Start serch element by locator-->By.cssSelector: [placeholder='Name']
23:38:16  INFO  manager.MyListener - The element with locator --> By.cssSelector: [placeholder='Name']was found
23:38:16  INFO  manager.MyListener - Start serch element by locator-->By.cssSelector: [placeholder='Last name']
23:38:26  INFO  manager.MyListener - Something went wrong!!
23:38:26  INFO  manager.MyListener - no such element: Unable to locate element: {"method":"css selector","selector":"[placeholder='Last name']"}
  (Session info: chrome=96.0.4664.45)
For documentation on this error, please visit: https://www.seleniumhq.org/exceptions/no_such_element.html
Build info: version: '3.141.59', revision: 'e82be7d358', time: '2018-11-14T08:17:03'
System info: host: 'DESKTOP-8LJJU6I', ip: '10.0.0.33', os.name: 'Windows 10', os.arch: 'amd64', os.version: '10.0', java.version: '1.8.0_301'
Driver info: org.openqa.selenium.chrome.ChromeDriver
Capabilities {acceptInsecureCerts: false, browserName: chrome, browserVersion: 96.0.4664.45, chrome: {chromedriverVersion: 96.0.4664.45 (76e4c1bb2ab46..., userDataDir: C:\Users\User\AppData\Local...}, goog:chromeOptions: {debuggerAddress: localhost:59914}, javascriptEnabled: true, networkConnectionEnabled: false, pageLoadStrategy: normal, platform: WINDOWS, platformName: WINDOWS, proxy: Proxy(), setWindowRect: true, strictFileInteractability: false, timeouts: {implicit: 0, pageLoad: 300000, script: 30000}, unhandledPromptBehavior: dismiss and notify, webauthn:extension:credBlob: true, webauthn:extension:largeBlob: true, webauthn:virtualAuthenticators: true}
Session ID: 5582655bdb29c0429823a5690eadb3d4
*** Element info: {Using=css selector, value=[placeholder='Last name']}
23:38:26  INFO  manager.MyListener - org.openqa.selenium.NoSuchElementException: no such element: Unable to locate element: {"method":"css selector","selector":"[placeholder='Last name']"}
  (Session info: chrome=96.0.4664.45)
For documentation on this error, please visit: https://www.seleniumhq.org/exceptions/no_such_element.html
Build info: version: '3.141.59', revision: 'e82be7d358', time: '2018-11-14T08:17:03'
System info: host: 'DESKTOP-8LJJU6I', ip: '10.0.0.33', os.name: 'Windows 10', os.arch: 'amd64', os.version: '10.0', java.version: '1.8.0_301'
Driver info: org.openqa.selenium.chrome.ChromeDriver
Capabilities {acceptInsecureCerts: false, browserName: chrome, browserVersion: 96.0.4664.45, chrome: {chromedriverVersion: 96.0.4664.45 (76e4c1bb2ab46..., userDataDir: C:\Users\User\AppData\Local...}, goog:chromeOptions: {debuggerAddress: localhost:59914}, javascriptEnabled: true, networkConnectionEnabled: false, pageLoadStrategy: normal, platform: WINDOWS, platformName: WINDOWS, proxy: Proxy(), setWindowRect: true, strictFileInteractability: false, timeouts: {implicit: 0, pageLoad: 300000, script: 30000}, unhandledPromptBehavior: dismiss and notify, webauthn:extension:credBlob: true, webauthn:extension:largeBlob: true, webauthn:virtualAuthenticators: true}
Session ID: 5582655bdb29c0429823a5690eadb3d4
*** Element info: {Using=css selector, value=[placeholder='Last name']}
23:38:26  INFO  manager.MyListener - This link to screenshot with error-->src/test/screenshots/screenshot-2306.png
23:38:26  INFO  tests.TestBase - ****************************************
