17:50:37  INFO  manager.ApplicationManager - Tests starts on Chrome Driver
17:50:38  INFO  tests.TestBase - Start test-->removeOneContact
17:50:38  INFO  manager.MyListener - Start serch element by locator-->By.xpath: //button[text()='Sign Out']
17:50:48  INFO  manager.MyListener - The element with locator --> By.xpath: //button[text()='Sign Out']was found
17:50:48  INFO  manager.MyListener - Start serch element by locator-->By.xpath: //a[text()='LOGIN']
17:50:48  INFO  manager.MyListener - The element with locator --> By.xpath: //a[text()='LOGIN']was found
17:50:48  INFO  manager.MyListener - Start serch element by locator-->By.xpath: //input[1]
17:50:48  INFO  manager.MyListener - The element with locator --> By.xpath: //input[1]was found
17:50:48  INFO  manager.MyListener - Start serch element by locator-->By.xpath: //input[2]
17:50:48  INFO  manager.MyListener - The element with locator --> By.xpath: //input[2]was found
17:50:48  INFO  manager.MyListener - Start serch element by locator-->By.xpath: //button[1]
17:50:48  INFO  manager.MyListener - The element with locator --> By.xpath: //button[1]was found
17:50:50  INFO  manager.MyListener - Start serch element by locator-->By.cssSelector: .contact-page_leftdiv__yhyke div
17:50:50  INFO  manager.MyListener - The element with locator --> By.cssSelector: .contact-page_leftdiv__yhyke divwas found
17:50:50  INFO  manager.HelperBase - Count of Contacts before17
17:50:50  INFO  manager.MyListener - Start serch element by locator-->By.cssSelector: .contact-item_card__2SOIM h3
17:50:50  INFO  manager.MyListener - The element with locator --> By.cssSelector: .contact-item_card__2SOIM h3was found
17:50:50  INFO  manager.HelperBase - The element that was deleted has phone number -->121062189709
17:50:50  INFO  manager.MyListener - Start serch element by locator-->By.cssSelector: .contact-page_leftdiv__yhyke div
17:50:50  INFO  manager.MyListener - The element with locator --> By.cssSelector: .contact-page_leftdiv__yhyke divwas found
17:50:50  INFO  manager.MyListener - Start serch element by locator-->By.xpath: //button[.='Remove']
17:50:50  INFO  manager.MyListener - The element with locator --> By.xpath: //button[.='Remove']was found
17:50:51  INFO  manager.MyListener - Start serch element by locator-->By.cssSelector: .contact-page_leftdiv__yhyke div
17:50:51  INFO  manager.MyListener - The element with locator --> By.cssSelector: .contact-page_leftdiv__yhyke divwas found
17:50:51  INFO  manager.HelperBase - Count of Contacts after16
17:50:51  INFO  tests.TestBase - ****************************************
