22:31:15  INFO  manager.ApplicationManager - Tests starts on FireFox Driver
22:31:18  INFO  tests.TestBase - Start test-->loginTest
22:31:18  INFO  manager.MyListener - Start serch element by locator-->By.xpath: //button[text()='Sign Out']
22:31:28  INFO  manager.MyListener - The element with locator --> By.xpath: //button[text()='Sign Out']was found
22:31:28  INFO  manager.MyListener - Start serch element by locator-->By.xpath: //a[text()='LOGIN']
22:31:28  INFO  manager.MyListener - The element with locator --> By.xpath: //a[text()='LOGIN']was found
22:31:28  INFO  manager.MyListener - Start serch element by locator-->By.xpath: //input[1]
22:31:28  INFO  manager.MyListener - The element with locator --> By.xpath: //input[1]was found
22:31:28  INFO  manager.MyListener - Start serch element by locator-->By.xpath: //input[2]
22:31:28  INFO  manager.MyListener - The element with locator --> By.xpath: //input[2]was found
22:31:28  INFO  manager.MyListener - Start serch element by locator-->By.xpath: //button[1]
22:31:28  INFO  manager.MyListener - The element with locator --> By.xpath: //button[1]was found
22:31:29  INFO  manager.MyListener - Start serch element by locator-->By.xpath: //button[text()='Sign Out']
22:31:29  INFO  manager.MyListener - The element with locator --> By.xpath: //button[text()='Sign Out']was found
22:31:29  INFO  tests.TestBase - ****************************************
22:31:29  INFO  tests.TestBase - Start test-->addNewContactTest
22:31:29  INFO  manager.MyListener - Start serch element by locator-->By.xpath: //button[text()='Sign Out']
22:31:29  INFO  manager.MyListener - The element with locator --> By.xpath: //button[text()='Sign Out']was found
22:31:29  INFO  manager.MyListener - Start serch element by locator-->By.xpath: //a[.='ADD']
22:31:29  INFO  manager.MyListener - The element with locator --> By.xpath: //a[.='ADD']was found
22:31:29  INFO  manager.MyListener - Start serch element by locator-->By.cssSelector: [placeholder='Name']
22:31:29  INFO  manager.MyListener - The element with locator --> By.cssSelector: [placeholder='Name']was found
22:31:30  INFO  manager.MyListener - Start serch element by locator-->By.cssSelector: [placeholder='Last name']
22:31:40  INFO  manager.MyListener - Something went wrong!!
22:31:40  INFO  manager.MyListener - no such element: Unable to locate element: {"method":"css selector","selector":"[placeholder='Last name']"}
  (Session info: chrome=96.0.4664.45)
For documentation on this error, please visit: https://www.seleniumhq.org/exceptions/no_such_element.html
Build info: version: '3.141.59', revision: 'e82be7d358', time: '2018-11-14T08:17:03'
System info: host: 'DESKTOP-8LJJU6I', ip: '10.0.0.33', os.name: 'Windows 10', os.arch: 'amd64', os.version: '10.0', java.version: '1.8.0_301'
Driver info: org.openqa.selenium.chrome.ChromeDriver
Capabilities {acceptInsecureCerts: false, browserName: chrome, browserVersion: 96.0.4664.45, chrome: {chromedriverVersion: 96.0.4664.45 (76e4c1bb2ab46..., userDataDir: C:\Users\User\AppData\Local...}, goog:chromeOptions: {debuggerAddress: localhost:59508}, javascriptEnabled: true, networkConnectionEnabled: false, pageLoadStrategy: normal, platform: WINDOWS, platformName: WINDOWS, proxy: Proxy(), setWindowRect: true, strictFileInteractability: false, timeouts: {implicit: 0, pageLoad: 300000, script: 30000}, unhandledPromptBehavior: dismiss and notify, webauthn:extension:credBlob: true, webauthn:extension:largeBlob: true, webauthn:virtualAuthenticators: true}
Session ID: c0e19950fb6791ca5aa135fafe3c0106
*** Element info: {Using=css selector, value=[placeholder='Last name']}
22:31:40  INFO  manager.MyListener - org.openqa.selenium.NoSuchElementException: no such element: Unable to locate element: {"method":"css selector","selector":"[placeholder='Last name']"}
  (Session info: chrome=96.0.4664.45)
For documentation on this error, please visit: https://www.seleniumhq.org/exceptions/no_such_element.html
Build info: version: '3.141.59', revision: 'e82be7d358', time: '2018-11-14T08:17:03'
System info: host: 'DESKTOP-8LJJU6I', ip: '10.0.0.33', os.name: 'Windows 10', os.arch: 'amd64', os.version: '10.0', java.version: '1.8.0_301'
Driver info: org.openqa.selenium.chrome.ChromeDriver
Capabilities {acceptInsecureCerts: false, browserName: chrome, browserVersion: 96.0.4664.45, chrome: {chromedriverVersion: 96.0.4664.45 (76e4c1bb2ab46..., userDataDir: C:\Users\User\AppData\Local...}, goog:chromeOptions: {debuggerAddress: localhost:59508}, javascriptEnabled: true, networkConnectionEnabled: false, pageLoadStrategy: normal, platform: WINDOWS, platformName: WINDOWS, proxy: Proxy(), setWindowRect: true, strictFileInteractability: false, timeouts: {implicit: 0, pageLoad: 300000, script: 30000}, unhandledPromptBehavior: dismiss and notify, webauthn:extension:credBlob: true, webauthn:extension:largeBlob: true, webauthn:virtualAuthenticators: true}
Session ID: c0e19950fb6791ca5aa135fafe3c0106
*** Element info: {Using=css selector, value=[placeholder='Last name']}
22:31:40  INFO  manager.MyListener - This link to screenshot with error-->src/test/screenshots/screenshot-1900.png
22:31:40  INFO  tests.TestBase - ****************************************
22:31:40  INFO  tests.TestBase - Start test-->addNewContactTest
22:31:40  INFO  manager.MyListener - Start serch element by locator-->By.xpath: //button[text()='Sign Out']
22:31:40  INFO  manager.MyListener - The element with locator --> By.xpath: //button[text()='Sign Out']was found
22:31:40  INFO  manager.MyListener - Start serch element by locator-->By.xpath: //a[.='ADD']
22:31:40  INFO  manager.MyListener - The element with locator --> By.xpath: //a[.='ADD']was found
22:31:40  INFO  manager.MyListener - Start serch element by locator-->By.cssSelector: [placeholder='Name']
22:31:40  INFO  manager.MyListener - The element with locator --> By.cssSelector: [placeholder='Name']was found
22:31:40  INFO  manager.MyListener - Start serch element by locator-->By.cssSelector: [placeholder='Last name']
22:31:50  INFO  manager.MyListener - Something went wrong!!
22:31:50  INFO  manager.MyListener - no such element: Unable to locate element: {"method":"css selector","selector":"[placeholder='Last name']"}
  (Session info: chrome=96.0.4664.45)
For documentation on this error, please visit: https://www.seleniumhq.org/exceptions/no_such_element.html
Build info: version: '3.141.59', revision: 'e82be7d358', time: '2018-11-14T08:17:03'
System info: host: 'DESKTOP-8LJJU6I', ip: '10.0.0.33', os.name: 'Windows 10', os.arch: 'amd64', os.version: '10.0', java.version: '1.8.0_301'
Driver info: org.openqa.selenium.chrome.ChromeDriver
Capabilities {acceptInsecureCerts: false, browserName: chrome, browserVersion: 96.0.4664.45, chrome: {chromedriverVersion: 96.0.4664.45 (76e4c1bb2ab46..., userDataDir: C:\Users\User\AppData\Local...}, goog:chromeOptions: {debuggerAddress: localhost:59508}, javascriptEnabled: true, networkConnectionEnabled: false, pageLoadStrategy: normal, platform: WINDOWS, platformName: WINDOWS, proxy: Proxy(), setWindowRect: true, strictFileInteractability: false, timeouts: {implicit: 0, pageLoad: 300000, script: 30000}, unhandledPromptBehavior: dismiss and notify, webauthn:extension:credBlob: true, webauthn:extension:largeBlob: true, webauthn:virtualAuthenticators: true}
Session ID: c0e19950fb6791ca5aa135fafe3c0106
*** Element info: {Using=css selector, value=[placeholder='Last name']}
22:31:50  INFO  manager.MyListener - org.openqa.selenium.NoSuchElementException: no such element: Unable to locate element: {"method":"css selector","selector":"[placeholder='Last name']"}
  (Session info: chrome=96.0.4664.45)
For documentation on this error, please visit: https://www.seleniumhq.org/exceptions/no_such_element.html
Build info: version: '3.141.59', revision: 'e82be7d358', time: '2018-11-14T08:17:03'
System info: host: 'DESKTOP-8LJJU6I', ip: '10.0.0.33', os.name: 'Windows 10', os.arch: 'amd64', os.version: '10.0', java.version: '1.8.0_301'
Driver info: org.openqa.selenium.chrome.ChromeDriver
Capabilities {acceptInsecureCerts: false, browserName: chrome, browserVersion: 96.0.4664.45, chrome: {chromedriverVersion: 96.0.4664.45 (76e4c1bb2ab46..., userDataDir: C:\Users\User\AppData\Local...}, goog:chromeOptions: {debuggerAddress: localhost:59508}, javascriptEnabled: true, networkConnectionEnabled: false, pageLoadStrategy: normal, platform: WINDOWS, platformName: WINDOWS, proxy: Proxy(), setWindowRect: true, strictFileInteractability: false, timeouts: {implicit: 0, pageLoad: 300000, script: 30000}, unhandledPromptBehavior: dismiss and notify, webauthn:extension:credBlob: true, webauthn:extension:largeBlob: true, webauthn:virtualAuthenticators: true}
Session ID: c0e19950fb6791ca5aa135fafe3c0106
*** Element info: {Using=css selector, value=[placeholder='Last name']}
22:31:51  INFO  manager.MyListener - This link to screenshot with error-->src/test/screenshots/screenshot-1910.png
22:31:51  INFO  tests.TestBase - ****************************************
22:31:51  INFO  tests.TestBase - Start test-->addNewContactTest
22:31:51  INFO  manager.MyListener - Start serch element by locator-->By.xpath: //button[text()='Sign Out']
22:31:51  INFO  manager.MyListener - The element with locator --> By.xpath: //button[text()='Sign Out']was found
22:31:51  INFO  manager.MyListener - Start serch element by locator-->By.xpath: //a[.='ADD']
22:31:51  INFO  manager.MyListener - The element with locator --> By.xpath: //a[.='ADD']was found
22:31:51  INFO  manager.MyListener - Start serch element by locator-->By.cssSelector: [placeholder='Name']
22:31:51  INFO  manager.MyListener - The element with locator --> By.cssSelector: [placeholder='Name']was found
22:31:51  INFO  manager.MyListener - Start serch element by locator-->By.cssSelector: [placeholder='Last name']
22:32:01  INFO  manager.MyListener - Something went wrong!!
22:32:01  INFO  manager.MyListener - no such element: Unable to locate element: {"method":"css selector","selector":"[placeholder='Last name']"}
  (Session info: chrome=96.0.4664.45)
For documentation on this error, please visit: https://www.seleniumhq.org/exceptions/no_such_element.html
Build info: version: '3.141.59', revision: 'e82be7d358', time: '2018-11-14T08:17:03'
System info: host: 'DESKTOP-8LJJU6I', ip: '10.0.0.33', os.name: 'Windows 10', os.arch: 'amd64', os.version: '10.0', java.version: '1.8.0_301'
Driver info: org.openqa.selenium.chrome.ChromeDriver
Capabilities {acceptInsecureCerts: false, browserName: chrome, browserVersion: 96.0.4664.45, chrome: {chromedriverVersion: 96.0.4664.45 (76e4c1bb2ab46..., userDataDir: C:\Users\User\AppData\Local...}, goog:chromeOptions: {debuggerAddress: localhost:59508}, javascriptEnabled: true, networkConnectionEnabled: false, pageLoadStrategy: normal, platform: WINDOWS, platformName: WINDOWS, proxy: Proxy(), setWindowRect: true, strictFileInteractability: false, timeouts: {implicit: 0, pageLoad: 300000, script: 30000}, unhandledPromptBehavior: dismiss and notify, webauthn:extension:credBlob: true, webauthn:extension:largeBlob: true, webauthn:virtualAuthenticators: true}
Session ID: c0e19950fb6791ca5aa135fafe3c0106
*** Element info: {Using=css selector, value=[placeholder='Last name']}
22:32:01  INFO  manager.MyListener - org.openqa.selenium.NoSuchElementException: no such element: Unable to locate element: {"method":"css selector","selector":"[placeholder='Last name']"}
  (Session info: chrome=96.0.4664.45)
For documentation on this error, please visit: https://www.seleniumhq.org/exceptions/no_such_element.html
Build info: version: '3.141.59', revision: 'e82be7d358', time: '2018-11-14T08:17:03'
System info: host: 'DESKTOP-8LJJU6I', ip: '10.0.0.33', os.name: 'Windows 10', os.arch: 'amd64', os.version: '10.0', java.version: '1.8.0_301'
Driver info: org.openqa.selenium.chrome.ChromeDriver
Capabilities {acceptInsecureCerts: false, browserName: chrome, browserVersion: 96.0.4664.45, chrome: {chromedriverVersion: 96.0.4664.45 (76e4c1bb2ab46..., userDataDir: C:\Users\User\AppData\Local...}, goog:chromeOptions: {debuggerAddress: localhost:59508}, javascriptEnabled: true, networkConnectionEnabled: false, pageLoadStrategy: normal, platform: WINDOWS, platformName: WINDOWS, proxy: Proxy(), setWindowRect: true, strictFileInteractability: false, timeouts: {implicit: 0, pageLoad: 300000, script: 30000}, unhandledPromptBehavior: dismiss and notify, webauthn:extension:credBlob: true, webauthn:extension:largeBlob: true, webauthn:virtualAuthenticators: true}
Session ID: c0e19950fb6791ca5aa135fafe3c0106
*** Element info: {Using=css selector, value=[placeholder='Last name']}
22:32:01  INFO  manager.MyListener - This link to screenshot with error-->src/test/screenshots/screenshot-1921.png
22:32:01  INFO  tests.TestBase - ****************************************
22:32:01  INFO  tests.TestBase - Start test-->registrationTestWrongEmail
22:32:01  INFO  manager.MyListener - Start serch element by locator-->By.xpath: //button[text()='Sign Out']
22:32:02  INFO  manager.MyListener - The element with locator --> By.xpath: //button[text()='Sign Out']was found
22:32:02  INFO  manager.MyListener - Start serch element by locator-->By.xpath: //button[text()='Sign Out']
22:32:02  INFO  manager.MyListener - The element with locator --> By.xpath: //button[text()='Sign Out']was found
22:32:02  INFO  manager.MyListener - Start serch element by locator-->By.xpath: //a[text()='LOGIN']
22:32:02  INFO  manager.MyListener - The element with locator --> By.xpath: //a[text()='LOGIN']was found
22:32:02  INFO  manager.MyListener - Start serch element by locator-->By.xpath: //input[1]
22:32:02  INFO  manager.MyListener - The element with locator --> By.xpath: //input[1]was found
22:32:02  INFO  manager.MyListener - Start serch element by locator-->By.xpath: //input[2]
22:32:02  INFO  manager.MyListener - The element with locator --> By.xpath: //input[2]was found
22:32:02  INFO  manager.MyListener - Start serch element by locator-->By.xpath: //button[2]
22:32:02  INFO  manager.MyListener - The element with locator --> By.xpath: //button[2]was found
22:32:05  INFO  tests.TestBase - ****************************************
22:32:08  INFO  manager.ApplicationManager - Tests starts on FireFox Driver
22:32:10  INFO  tests.TestBase - Start test-->loginTest
22:32:10  INFO  manager.MyListener - Start serch element by locator-->By.xpath: //button[text()='Sign Out']
22:32:20  INFO  manager.MyListener - The element with locator --> By.xpath: //button[text()='Sign Out']was found
22:32:20  INFO  manager.MyListener - Start serch element by locator-->By.xpath: //a[text()='LOGIN']
22:32:20  INFO  manager.MyListener - The element with locator --> By.xpath: //a[text()='LOGIN']was found
22:32:20  INFO  manager.MyListener - Start serch element by locator-->By.xpath: //input[1]
22:32:20  INFO  manager.MyListener - The element with locator --> By.xpath: //input[1]was found
22:32:20  INFO  manager.MyListener - Start serch element by locator-->By.xpath: //input[2]
22:32:20  INFO  manager.MyListener - The element with locator --> By.xpath: //input[2]was found
22:32:20  INFO  manager.MyListener - Start serch element by locator-->By.xpath: //button[1]
22:32:20  INFO  manager.MyListener - The element with locator --> By.xpath: //button[1]was found
22:32:21  INFO  manager.MyListener - Start serch element by locator-->By.xpath: //button[text()='Sign Out']
22:32:21  INFO  manager.MyListener - The element with locator --> By.xpath: //button[text()='Sign Out']was found
22:32:21  INFO  tests.TestBase - ****************************************
22:32:21  INFO  tests.TestBase - Start test-->addNewContactTest
22:32:21  INFO  manager.MyListener - Start serch element by locator-->By.xpath: //button[text()='Sign Out']
22:32:22  INFO  manager.MyListener - The element with locator --> By.xpath: //button[text()='Sign Out']was found
22:32:22  INFO  manager.MyListener - Start serch element by locator-->By.xpath: //a[.='ADD']
22:32:22  INFO  manager.MyListener - The element with locator --> By.xpath: //a[.='ADD']was found
22:32:22  INFO  manager.MyListener - Start serch element by locator-->By.cssSelector: [placeholder='Name']
22:32:22  INFO  manager.MyListener - The element with locator --> By.cssSelector: [placeholder='Name']was found
22:32:22  INFO  manager.MyListener - Start serch element by locator-->By.cssSelector: [placeholder='Last name']
22:32:32  INFO  manager.MyListener - Something went wrong!!
22:32:32  INFO  manager.MyListener - no such element: Unable to locate element: {"method":"css selector","selector":"[placeholder='Last name']"}
  (Session info: chrome=96.0.4664.45)
For documentation on this error, please visit: https://www.seleniumhq.org/exceptions/no_such_element.html
Build info: version: '3.141.59', revision: 'e82be7d358', time: '2018-11-14T08:17:03'
System info: host: 'DESKTOP-8LJJU6I', ip: '10.0.0.33', os.name: 'Windows 10', os.arch: 'amd64', os.version: '10.0', java.version: '1.8.0_301'
Driver info: org.openqa.selenium.chrome.ChromeDriver
Capabilities {acceptInsecureCerts: false, browserName: chrome, browserVersion: 96.0.4664.45, chrome: {chromedriverVersion: 96.0.4664.45 (76e4c1bb2ab46..., userDataDir: C:\Users\User\AppData\Local...}, goog:chromeOptions: {debuggerAddress: localhost:59579}, javascriptEnabled: true, networkConnectionEnabled: false, pageLoadStrategy: normal, platform: WINDOWS, platformName: WINDOWS, proxy: Proxy(), setWindowRect: true, strictFileInteractability: false, timeouts: {implicit: 0, pageLoad: 300000, script: 30000}, unhandledPromptBehavior: dismiss and notify, webauthn:extension:credBlob: true, webauthn:extension:largeBlob: true, webauthn:virtualAuthenticators: true}
Session ID: d3561839ad08e595442b0e38899eeaf0
*** Element info: {Using=css selector, value=[placeholder='Last name']}
22:32:32  INFO  manager.MyListener - org.openqa.selenium.NoSuchElementException: no such element: Unable to locate element: {"method":"css selector","selector":"[placeholder='Last name']"}
  (Session info: chrome=96.0.4664.45)
For documentation on this error, please visit: https://www.seleniumhq.org/exceptions/no_such_element.html
Build info: version: '3.141.59', revision: 'e82be7d358', time: '2018-11-14T08:17:03'
System info: host: 'DESKTOP-8LJJU6I', ip: '10.0.0.33', os.name: 'Windows 10', os.arch: 'amd64', os.version: '10.0', java.version: '1.8.0_301'
Driver info: org.openqa.selenium.chrome.ChromeDriver
Capabilities {acceptInsecureCerts: false, browserName: chrome, browserVersion: 96.0.4664.45, chrome: {chromedriverVersion: 96.0.4664.45 (76e4c1bb2ab46..., userDataDir: C:\Users\User\AppData\Local...}, goog:chromeOptions: {debuggerAddress: localhost:59579}, javascriptEnabled: true, networkConnectionEnabled: false, pageLoadStrategy: normal, platform: WINDOWS, platformName: WINDOWS, proxy: Proxy(), setWindowRect: true, strictFileInteractability: false, timeouts: {implicit: 0, pageLoad: 300000, script: 30000}, unhandledPromptBehavior: dismiss and notify, webauthn:extension:credBlob: true, webauthn:extension:largeBlob: true, webauthn:virtualAuthenticators: true}
Session ID: d3561839ad08e595442b0e38899eeaf0
*** Element info: {Using=css selector, value=[placeholder='Last name']}
22:32:33  INFO  manager.MyListener - This link to screenshot with error-->src/test/screenshots/screenshot-1952.png
22:32:33  INFO  tests.TestBase - ****************************************
22:32:33  INFO  tests.TestBase - Start test-->addNewContactTest
22:32:33  INFO  manager.MyListener - Start serch element by locator-->By.xpath: //button[text()='Sign Out']
22:32:33  INFO  manager.MyListener - The element with locator --> By.xpath: //button[text()='Sign Out']was found
22:32:33  INFO  manager.MyListener - Start serch element by locator-->By.xpath: //a[.='ADD']
22:32:33  INFO  manager.MyListener - The element with locator --> By.xpath: //a[.='ADD']was found
22:32:33  INFO  manager.MyListener - Start serch element by locator-->By.cssSelector: [placeholder='Name']
22:32:33  INFO  manager.MyListener - The element with locator --> By.cssSelector: [placeholder='Name']was found
22:32:33  INFO  manager.MyListener - Start serch element by locator-->By.cssSelector: [placeholder='Last name']
22:32:43  INFO  manager.MyListener - Something went wrong!!
22:32:43  INFO  manager.MyListener - no such element: Unable to locate element: {"method":"css selector","selector":"[placeholder='Last name']"}
  (Session info: chrome=96.0.4664.45)
For documentation on this error, please visit: https://www.seleniumhq.org/exceptions/no_such_element.html
Build info: version: '3.141.59', revision: 'e82be7d358', time: '2018-11-14T08:17:03'
System info: host: 'DESKTOP-8LJJU6I', ip: '10.0.0.33', os.name: 'Windows 10', os.arch: 'amd64', os.version: '10.0', java.version: '1.8.0_301'
Driver info: org.openqa.selenium.chrome.ChromeDriver
Capabilities {acceptInsecureCerts: false, browserName: chrome, browserVersion: 96.0.4664.45, chrome: {chromedriverVersion: 96.0.4664.45 (76e4c1bb2ab46..., userDataDir: C:\Users\User\AppData\Local...}, goog:chromeOptions: {debuggerAddress: localhost:59579}, javascriptEnabled: true, networkConnectionEnabled: false, pageLoadStrategy: normal, platform: WINDOWS, platformName: WINDOWS, proxy: Proxy(), setWindowRect: true, strictFileInteractability: false, timeouts: {implicit: 0, pageLoad: 300000, script: 30000}, unhandledPromptBehavior: dismiss and notify, webauthn:extension:credBlob: true, webauthn:extension:largeBlob: true, webauthn:virtualAuthenticators: true}
Session ID: d3561839ad08e595442b0e38899eeaf0
*** Element info: {Using=css selector, value=[placeholder='Last name']}
22:32:43  INFO  manager.MyListener - org.openqa.selenium.NoSuchElementException: no such element: Unable to locate element: {"method":"css selector","selector":"[placeholder='Last name']"}
  (Session info: chrome=96.0.4664.45)
For documentation on this error, please visit: https://www.seleniumhq.org/exceptions/no_such_element.html
Build info: version: '3.141.59', revision: 'e82be7d358', time: '2018-11-14T08:17:03'
System info: host: 'DESKTOP-8LJJU6I', ip: '10.0.0.33', os.name: 'Windows 10', os.arch: 'amd64', os.version: '10.0', java.version: '1.8.0_301'
Driver info: org.openqa.selenium.chrome.ChromeDriver
Capabilities {acceptInsecureCerts: false, browserName: chrome, browserVersion: 96.0.4664.45, chrome: {chromedriverVersion: 96.0.4664.45 (76e4c1bb2ab46..., userDataDir: C:\Users\User\AppData\Local...}, goog:chromeOptions: {debuggerAddress: localhost:59579}, javascriptEnabled: true, networkConnectionEnabled: false, pageLoadStrategy: normal, platform: WINDOWS, platformName: WINDOWS, proxy: Proxy(), setWindowRect: true, strictFileInteractability: false, timeouts: {implicit: 0, pageLoad: 300000, script: 30000}, unhandledPromptBehavior: dismiss and notify, webauthn:extension:credBlob: true, webauthn:extension:largeBlob: true, webauthn:virtualAuthenticators: true}
Session ID: d3561839ad08e595442b0e38899eeaf0
*** Element info: {Using=css selector, value=[placeholder='Last name']}
22:32:43  INFO  manager.MyListener - This link to screenshot with error-->src/test/screenshots/screenshot-1963.png
22:32:43  INFO  tests.TestBase - ****************************************
22:32:43  INFO  tests.TestBase - Start test-->addNewContactTest
22:32:43  INFO  manager.MyListener - Start serch element by locator-->By.xpath: //button[text()='Sign Out']
22:32:43  INFO  manager.MyListener - The element with locator --> By.xpath: //button[text()='Sign Out']was found
22:32:43  INFO  manager.MyListener - Start serch element by locator-->By.xpath: //a[.='ADD']
22:32:43  INFO  manager.MyListener - The element with locator --> By.xpath: //a[.='ADD']was found
22:32:43  INFO  manager.MyListener - Start serch element by locator-->By.cssSelector: [placeholder='Name']
22:32:43  INFO  manager.MyListener - The element with locator --> By.cssSelector: [placeholder='Name']was found
22:32:44  INFO  manager.MyListener - Start serch element by locator-->By.cssSelector: [placeholder='Last name']
22:32:54  INFO  manager.MyListener - Something went wrong!!
22:32:54  INFO  manager.MyListener - no such element: Unable to locate element: {"method":"css selector","selector":"[placeholder='Last name']"}
  (Session info: chrome=96.0.4664.45)
For documentation on this error, please visit: https://www.seleniumhq.org/exceptions/no_such_element.html
Build info: version: '3.141.59', revision: 'e82be7d358', time: '2018-11-14T08:17:03'
System info: host: 'DESKTOP-8LJJU6I', ip: '10.0.0.33', os.name: 'Windows 10', os.arch: 'amd64', os.version: '10.0', java.version: '1.8.0_301'
Driver info: org.openqa.selenium.chrome.ChromeDriver
Capabilities {acceptInsecureCerts: false, browserName: chrome, browserVersion: 96.0.4664.45, chrome: {chromedriverVersion: 96.0.4664.45 (76e4c1bb2ab46..., userDataDir: C:\Users\User\AppData\Local...}, goog:chromeOptions: {debuggerAddress: localhost:59579}, javascriptEnabled: true, networkConnectionEnabled: false, pageLoadStrategy: normal, platform: WINDOWS, platformName: WINDOWS, proxy: Proxy(), setWindowRect: true, strictFileInteractability: false, timeouts: {implicit: 0, pageLoad: 300000, script: 30000}, unhandledPromptBehavior: dismiss and notify, webauthn:extension:credBlob: true, webauthn:extension:largeBlob: true, webauthn:virtualAuthenticators: true}
Session ID: d3561839ad08e595442b0e38899eeaf0
*** Element info: {Using=css selector, value=[placeholder='Last name']}
22:32:54  INFO  manager.MyListener - org.openqa.selenium.NoSuchElementException: no such element: Unable to locate element: {"method":"css selector","selector":"[placeholder='Last name']"}
  (Session info: chrome=96.0.4664.45)
For documentation on this error, please visit: https://www.seleniumhq.org/exceptions/no_such_element.html
Build info: version: '3.141.59', revision: 'e82be7d358', time: '2018-11-14T08:17:03'
System info: host: 'DESKTOP-8LJJU6I', ip: '10.0.0.33', os.name: 'Windows 10', os.arch: 'amd64', os.version: '10.0', java.version: '1.8.0_301'
Driver info: org.openqa.selenium.chrome.ChromeDriver
Capabilities {acceptInsecureCerts: false, browserName: chrome, browserVersion: 96.0.4664.45, chrome: {chromedriverVersion: 96.0.4664.45 (76e4c1bb2ab46..., userDataDir: C:\Users\User\AppData\Local...}, goog:chromeOptions: {debuggerAddress: localhost:59579}, javascriptEnabled: true, networkConnectionEnabled: false, pageLoadStrategy: normal, platform: WINDOWS, platformName: WINDOWS, proxy: Proxy(), setWindowRect: true, strictFileInteractability: false, timeouts: {implicit: 0, pageLoad: 300000, script: 30000}, unhandledPromptBehavior: dismiss and notify, webauthn:extension:credBlob: true, webauthn:extension:largeBlob: true, webauthn:virtualAuthenticators: true}
Session ID: d3561839ad08e595442b0e38899eeaf0
*** Element info: {Using=css selector, value=[placeholder='Last name']}
22:32:54  INFO  manager.MyListener - This link to screenshot with error-->src/test/screenshots/screenshot-1974.png
22:32:54  INFO  tests.TestBase - ****************************************
22:32:54  INFO  tests.TestBase - Start test-->registrationTestWrongEmail
22:32:54  INFO  manager.MyListener - Start serch element by locator-->By.xpath: //button[text()='Sign Out']
22:32:54  INFO  manager.MyListener - The element with locator --> By.xpath: //button[text()='Sign Out']was found
22:32:54  INFO  manager.MyListener - Start serch element by locator-->By.xpath: //button[text()='Sign Out']
22:32:54  INFO  manager.MyListener - The element with locator --> By.xpath: //button[text()='Sign Out']was found
22:32:54  INFO  manager.MyListener - Start serch element by locator-->By.xpath: //a[text()='LOGIN']
22:32:54  INFO  manager.MyListener - The element with locator --> By.xpath: //a[text()='LOGIN']was found
22:32:54  INFO  manager.MyListener - Start serch element by locator-->By.xpath: //input[1]
22:32:54  INFO  manager.MyListener - The element with locator --> By.xpath: //input[1]was found
22:32:55  INFO  manager.MyListener - Start serch element by locator-->By.xpath: //input[2]
22:32:55  INFO  manager.MyListener - The element with locator --> By.xpath: //input[2]was found
22:32:55  INFO  manager.MyListener - Start serch element by locator-->By.xpath: //button[2]
22:32:55  INFO  manager.MyListener - The element with locator --> By.xpath: //button[2]was found
22:32:57  INFO  tests.TestBase - ****************************************
