22:16:25  INFO  manager.ApplicationManager - Tests starts on Chrome Driver
22:16:28  INFO  tests.TestBase - Start test-->loginTest
22:16:28  INFO  manager.MyListener - Start serch element by locator-->By.xpath: //button[text()='Sign Out']
22:16:38  INFO  manager.MyListener - The element with locator --> By.xpath: //button[text()='Sign Out']was found
22:16:38  INFO  manager.MyListener - Start serch element by locator-->By.xpath: //a[text()='LOGIN']
22:16:38  INFO  manager.MyListener - The element with locator --> By.xpath: //a[text()='LOGIN']was found
22:16:38  INFO  manager.MyListener - Start serch element by locator-->By.xpath: //input[1]
22:16:38  INFO  manager.MyListener - The element with locator --> By.xpath: //input[1]was found
22:16:38  INFO  manager.MyListener - Start serch element by locator-->By.xpath: //input[2]
22:16:38  INFO  manager.MyListener - The element with locator --> By.xpath: //input[2]was found
22:16:38  INFO  manager.MyListener - Start serch element by locator-->By.xpath: //button[1]
22:16:38  INFO  manager.MyListener - The element with locator --> By.xpath: //button[1]was found
22:16:39  INFO  manager.MyListener - Start serch element by locator-->By.xpath: //button[text()='Sign Out']
22:16:49  INFO  manager.MyListener - The element with locator --> By.xpath: //button[text()='Sign Out']was found
22:16:49  INFO  tests.TestBase - ****************************************
22:16:49  INFO  tests.TestBase - Start test-->addNewContactTest
22:16:49  INFO  manager.MyListener - Start serch element by locator-->By.xpath: //button[text()='Sign Out']
22:16:52  INFO  manager.MyListener - The element with locator --> By.xpath: //button[text()='Sign Out']was found
22:16:52  INFO  manager.MyListener - Start serch element by locator-->By.xpath: //a[.='ADD']
22:16:52  INFO  manager.MyListener - The element with locator --> By.xpath: //a[.='ADD']was found
22:16:52  INFO  manager.MyListener - Start serch element by locator-->By.cssSelector: [placeholder='Name']
22:16:52  INFO  manager.MyListener - The element with locator --> By.cssSelector: [placeholder='Name']was found
22:16:52  INFO  manager.MyListener - Start serch element by locator-->By.cssSelector: [placeholder='Last name']
22:17:02  INFO  manager.MyListener - Something went wrong!!
22:17:02  INFO  manager.MyListener - no such element: Unable to locate element: {"method":"css selector","selector":"[placeholder='Last name']"}
  (Session info: chrome=96.0.4664.45)
For documentation on this error, please visit: https://www.seleniumhq.org/exceptions/no_such_element.html
Build info: version: '3.141.59', revision: 'e82be7d358', time: '2018-11-14T08:17:03'
System info: host: 'DESKTOP-8LJJU6I', ip: '10.0.0.33', os.name: 'Windows 10', os.arch: 'amd64', os.version: '10.0', java.version: '1.8.0_301'
Driver info: org.openqa.selenium.chrome.ChromeDriver
Capabilities {acceptInsecureCerts: false, browserName: chrome, browserVersion: 96.0.4664.45, chrome: {chromedriverVersion: 96.0.4664.45 (76e4c1bb2ab46..., userDataDir: C:\Users\User\AppData\Local...}, goog:chromeOptions: {debuggerAddress: localhost:59396}, javascriptEnabled: true, networkConnectionEnabled: false, pageLoadStrategy: normal, platform: WINDOWS, platformName: WINDOWS, proxy: Proxy(), setWindowRect: true, strictFileInteractability: false, timeouts: {implicit: 0, pageLoad: 300000, script: 30000}, unhandledPromptBehavior: dismiss and notify, webauthn:extension:credBlob: true, webauthn:extension:largeBlob: true, webauthn:virtualAuthenticators: true}
Session ID: e02f655b73a93787b2d4afd40a66b366
*** Element info: {Using=css selector, value=[placeholder='Last name']}
22:17:02  INFO  manager.MyListener - org.openqa.selenium.NoSuchElementException: no such element: Unable to locate element: {"method":"css selector","selector":"[placeholder='Last name']"}
  (Session info: chrome=96.0.4664.45)
For documentation on this error, please visit: https://www.seleniumhq.org/exceptions/no_such_element.html
Build info: version: '3.141.59', revision: 'e82be7d358', time: '2018-11-14T08:17:03'
System info: host: 'DESKTOP-8LJJU6I', ip: '10.0.0.33', os.name: 'Windows 10', os.arch: 'amd64', os.version: '10.0', java.version: '1.8.0_301'
Driver info: org.openqa.selenium.chrome.ChromeDriver
Capabilities {acceptInsecureCerts: false, browserName: chrome, browserVersion: 96.0.4664.45, chrome: {chromedriverVersion: 96.0.4664.45 (76e4c1bb2ab46..., userDataDir: C:\Users\User\AppData\Local...}, goog:chromeOptions: {debuggerAddress: localhost:59396}, javascriptEnabled: true, networkConnectionEnabled: false, pageLoadStrategy: normal, platform: WINDOWS, platformName: WINDOWS, proxy: Proxy(), setWindowRect: true, strictFileInteractability: false, timeouts: {implicit: 0, pageLoad: 300000, script: 30000}, unhandledPromptBehavior: dismiss and notify, webauthn:extension:credBlob: true, webauthn:extension:largeBlob: true, webauthn:virtualAuthenticators: true}
Session ID: e02f655b73a93787b2d4afd40a66b366
*** Element info: {Using=css selector, value=[placeholder='Last name']}
22:17:02  INFO  manager.MyListener - This link to screenshot with error-->src/test/screenshots/screenshot-1022.png
22:17:02  INFO  tests.TestBase - ****************************************
22:17:02  INFO  tests.TestBase - Start test-->addNewContactTest
22:17:02  INFO  manager.MyListener - Start serch element by locator-->By.xpath: //button[text()='Sign Out']
22:17:02  INFO  manager.MyListener - The element with locator --> By.xpath: //button[text()='Sign Out']was found
22:17:02  INFO  manager.MyListener - Start serch element by locator-->By.xpath: //a[.='ADD']
22:17:02  INFO  manager.MyListener - The element with locator --> By.xpath: //a[.='ADD']was found
22:17:02  INFO  manager.MyListener - Start serch element by locator-->By.cssSelector: [placeholder='Name']
22:17:02  INFO  manager.MyListener - The element with locator --> By.cssSelector: [placeholder='Name']was found
22:17:02  INFO  manager.MyListener - Start serch element by locator-->By.cssSelector: [placeholder='Last name']
22:17:12  INFO  manager.MyListener - Something went wrong!!
22:17:12  INFO  manager.MyListener - no such element: Unable to locate element: {"method":"css selector","selector":"[placeholder='Last name']"}
  (Session info: chrome=96.0.4664.45)
For documentation on this error, please visit: https://www.seleniumhq.org/exceptions/no_such_element.html
Build info: version: '3.141.59', revision: 'e82be7d358', time: '2018-11-14T08:17:03'
System info: host: 'DESKTOP-8LJJU6I', ip: '10.0.0.33', os.name: 'Windows 10', os.arch: 'amd64', os.version: '10.0', java.version: '1.8.0_301'
Driver info: org.openqa.selenium.chrome.ChromeDriver
Capabilities {acceptInsecureCerts: false, browserName: chrome, browserVersion: 96.0.4664.45, chrome: {chromedriverVersion: 96.0.4664.45 (76e4c1bb2ab46..., userDataDir: C:\Users\User\AppData\Local...}, goog:chromeOptions: {debuggerAddress: localhost:59396}, javascriptEnabled: true, networkConnectionEnabled: false, pageLoadStrategy: normal, platform: WINDOWS, platformName: WINDOWS, proxy: Proxy(), setWindowRect: true, strictFileInteractability: false, timeouts: {implicit: 0, pageLoad: 300000, script: 30000}, unhandledPromptBehavior: dismiss and notify, webauthn:extension:credBlob: true, webauthn:extension:largeBlob: true, webauthn:virtualAuthenticators: true}
Session ID: e02f655b73a93787b2d4afd40a66b366
*** Element info: {Using=css selector, value=[placeholder='Last name']}
22:17:12  INFO  manager.MyListener - org.openqa.selenium.NoSuchElementException: no such element: Unable to locate element: {"method":"css selector","selector":"[placeholder='Last name']"}
  (Session info: chrome=96.0.4664.45)
For documentation on this error, please visit: https://www.seleniumhq.org/exceptions/no_such_element.html
Build info: version: '3.141.59', revision: 'e82be7d358', time: '2018-11-14T08:17:03'
System info: host: 'DESKTOP-8LJJU6I', ip: '10.0.0.33', os.name: 'Windows 10', os.arch: 'amd64', os.version: '10.0', java.version: '1.8.0_301'
Driver info: org.openqa.selenium.chrome.ChromeDriver
Capabilities {acceptInsecureCerts: false, browserName: chrome, browserVersion: 96.0.4664.45, chrome: {chromedriverVersion: 96.0.4664.45 (76e4c1bb2ab46..., userDataDir: C:\Users\User\AppData\Local...}, goog:chromeOptions: {debuggerAddress: localhost:59396}, javascriptEnabled: true, networkConnectionEnabled: false, pageLoadStrategy: normal, platform: WINDOWS, platformName: WINDOWS, proxy: Proxy(), setWindowRect: true, strictFileInteractability: false, timeouts: {implicit: 0, pageLoad: 300000, script: 30000}, unhandledPromptBehavior: dismiss and notify, webauthn:extension:credBlob: true, webauthn:extension:largeBlob: true, webauthn:virtualAuthenticators: true}
Session ID: e02f655b73a93787b2d4afd40a66b366
*** Element info: {Using=css selector, value=[placeholder='Last name']}
22:17:13  INFO  manager.MyListener - This link to screenshot with error-->src/test/screenshots/screenshot-1032.png
22:17:13  INFO  tests.TestBase - ****************************************
22:17:13  INFO  tests.TestBase - Start test-->addNewContactTest
22:17:13  INFO  manager.MyListener - Start serch element by locator-->By.xpath: //button[text()='Sign Out']
22:17:13  INFO  manager.MyListener - The element with locator --> By.xpath: //button[text()='Sign Out']was found
22:17:13  INFO  manager.MyListener - Start serch element by locator-->By.xpath: //a[.='ADD']
22:17:13  INFO  manager.MyListener - The element with locator --> By.xpath: //a[.='ADD']was found
22:17:13  INFO  manager.MyListener - Start serch element by locator-->By.cssSelector: [placeholder='Name']
22:17:13  INFO  manager.MyListener - The element with locator --> By.cssSelector: [placeholder='Name']was found
22:17:13  INFO  manager.MyListener - Start serch element by locator-->By.cssSelector: [placeholder='Last name']
22:17:23  INFO  manager.MyListener - Something went wrong!!
22:17:23  INFO  manager.MyListener - no such element: Unable to locate element: {"method":"css selector","selector":"[placeholder='Last name']"}
  (Session info: chrome=96.0.4664.45)
For documentation on this error, please visit: https://www.seleniumhq.org/exceptions/no_such_element.html
Build info: version: '3.141.59', revision: 'e82be7d358', time: '2018-11-14T08:17:03'
System info: host: 'DESKTOP-8LJJU6I', ip: '10.0.0.33', os.name: 'Windows 10', os.arch: 'amd64', os.version: '10.0', java.version: '1.8.0_301'
Driver info: org.openqa.selenium.chrome.ChromeDriver
Capabilities {acceptInsecureCerts: false, browserName: chrome, browserVersion: 96.0.4664.45, chrome: {chromedriverVersion: 96.0.4664.45 (76e4c1bb2ab46..., userDataDir: C:\Users\User\AppData\Local...}, goog:chromeOptions: {debuggerAddress: localhost:59396}, javascriptEnabled: true, networkConnectionEnabled: false, pageLoadStrategy: normal, platform: WINDOWS, platformName: WINDOWS, proxy: Proxy(), setWindowRect: true, strictFileInteractability: false, timeouts: {implicit: 0, pageLoad: 300000, script: 30000}, unhandledPromptBehavior: dismiss and notify, webauthn:extension:credBlob: true, webauthn:extension:largeBlob: true, webauthn:virtualAuthenticators: true}
Session ID: e02f655b73a93787b2d4afd40a66b366
*** Element info: {Using=css selector, value=[placeholder='Last name']}
22:17:23  INFO  manager.MyListener - org.openqa.selenium.NoSuchElementException: no such element: Unable to locate element: {"method":"css selector","selector":"[placeholder='Last name']"}
  (Session info: chrome=96.0.4664.45)
For documentation on this error, please visit: https://www.seleniumhq.org/exceptions/no_such_element.html
Build info: version: '3.141.59', revision: 'e82be7d358', time: '2018-11-14T08:17:03'
System info: host: 'DESKTOP-8LJJU6I', ip: '10.0.0.33', os.name: 'Windows 10', os.arch: 'amd64', os.version: '10.0', java.version: '1.8.0_301'
Driver info: org.openqa.selenium.chrome.ChromeDriver
Capabilities {acceptInsecureCerts: false, browserName: chrome, browserVersion: 96.0.4664.45, chrome: {chromedriverVersion: 96.0.4664.45 (76e4c1bb2ab46..., userDataDir: C:\Users\User\AppData\Local...}, goog:chromeOptions: {debuggerAddress: localhost:59396}, javascriptEnabled: true, networkConnectionEnabled: false, pageLoadStrategy: normal, platform: WINDOWS, platformName: WINDOWS, proxy: Proxy(), setWindowRect: true, strictFileInteractability: false, timeouts: {implicit: 0, pageLoad: 300000, script: 30000}, unhandledPromptBehavior: dismiss and notify, webauthn:extension:credBlob: true, webauthn:extension:largeBlob: true, webauthn:virtualAuthenticators: true}
Session ID: e02f655b73a93787b2d4afd40a66b366
*** Element info: {Using=css selector, value=[placeholder='Last name']}
22:17:23  INFO  manager.MyListener - This link to screenshot with error-->src/test/screenshots/screenshot-1043.png
22:17:23  INFO  tests.TestBase - ****************************************
22:17:23  INFO  tests.TestBase - Start test-->registrationTestWrongEmail
22:17:23  INFO  manager.MyListener - Start serch element by locator-->By.xpath: //button[text()='Sign Out']
22:17:23  INFO  manager.MyListener - The element with locator --> By.xpath: //button[text()='Sign Out']was found
22:17:23  INFO  manager.MyListener - Start serch element by locator-->By.xpath: //button[text()='Sign Out']
22:17:23  INFO  manager.MyListener - The element with locator --> By.xpath: //button[text()='Sign Out']was found
22:17:23  INFO  manager.MyListener - Start serch element by locator-->By.xpath: //a[text()='LOGIN']
22:17:23  INFO  manager.MyListener - The element with locator --> By.xpath: //a[text()='LOGIN']was found
22:17:23  INFO  manager.MyListener - Start serch element by locator-->By.xpath: //input[1]
22:17:23  INFO  manager.MyListener - The element with locator --> By.xpath: //input[1]was found
22:17:23  INFO  manager.MyListener - Start serch element by locator-->By.xpath: //input[2]
22:17:23  INFO  manager.MyListener - The element with locator --> By.xpath: //input[2]was found
22:17:23  INFO  manager.MyListener - Start serch element by locator-->By.xpath: //button[2]
22:17:23  INFO  manager.MyListener - The element with locator --> By.xpath: //button[2]was found
22:17:26  INFO  tests.TestBase - ****************************************
22:17:28  INFO  manager.ApplicationManager - Tests starts on Chrome Driver
22:17:30  INFO  tests.TestBase - Start test-->loginTest
22:17:30  INFO  manager.MyListener - Start serch element by locator-->By.xpath: //button[text()='Sign Out']
22:17:40  INFO  manager.MyListener - The element with locator --> By.xpath: //button[text()='Sign Out']was found
22:17:40  INFO  manager.MyListener - Start serch element by locator-->By.xpath: //a[text()='LOGIN']
22:17:40  INFO  manager.MyListener - The element with locator --> By.xpath: //a[text()='LOGIN']was found
22:17:40  INFO  manager.MyListener - Start serch element by locator-->By.xpath: //input[1]
22:17:40  INFO  manager.MyListener - The element with locator --> By.xpath: //input[1]was found
22:17:40  INFO  manager.MyListener - Start serch element by locator-->By.xpath: //input[2]
22:17:40  INFO  manager.MyListener - The element with locator --> By.xpath: //input[2]was found
22:17:40  INFO  manager.MyListener - Start serch element by locator-->By.xpath: //button[1]
22:17:40  INFO  manager.MyListener - The element with locator --> By.xpath: //button[1]was found
22:17:41  INFO  manager.MyListener - Start serch element by locator-->By.xpath: //button[text()='Sign Out']
22:17:41  INFO  manager.MyListener - The element with locator --> By.xpath: //button[text()='Sign Out']was found
22:17:41  INFO  tests.TestBase - ****************************************
22:17:41  INFO  tests.TestBase - Start test-->addNewContactTest
22:17:41  INFO  manager.MyListener - Start serch element by locator-->By.xpath: //button[text()='Sign Out']
22:17:41  INFO  manager.MyListener - The element with locator --> By.xpath: //button[text()='Sign Out']was found
22:17:41  INFO  manager.MyListener - Start serch element by locator-->By.xpath: //a[.='ADD']
22:17:41  INFO  manager.MyListener - The element with locator --> By.xpath: //a[.='ADD']was found
22:17:41  INFO  manager.MyListener - Start serch element by locator-->By.cssSelector: [placeholder='Name']
22:17:41  INFO  manager.MyListener - The element with locator --> By.cssSelector: [placeholder='Name']was found
22:17:41  INFO  manager.MyListener - Start serch element by locator-->By.cssSelector: [placeholder='Last name']
22:17:52  INFO  manager.MyListener - Something went wrong!!
22:17:52  INFO  manager.MyListener - no such element: Unable to locate element: {"method":"css selector","selector":"[placeholder='Last name']"}
  (Session info: chrome=96.0.4664.45)
For documentation on this error, please visit: https://www.seleniumhq.org/exceptions/no_such_element.html
Build info: version: '3.141.59', revision: 'e82be7d358', time: '2018-11-14T08:17:03'
System info: host: 'DESKTOP-8LJJU6I', ip: '10.0.0.33', os.name: 'Windows 10', os.arch: 'amd64', os.version: '10.0', java.version: '1.8.0_301'
Driver info: org.openqa.selenium.chrome.ChromeDriver
Capabilities {acceptInsecureCerts: false, browserName: chrome, browserVersion: 96.0.4664.45, chrome: {chromedriverVersion: 96.0.4664.45 (76e4c1bb2ab46..., userDataDir: C:\Users\User\AppData\Local...}, goog:chromeOptions: {debuggerAddress: localhost:59428}, javascriptEnabled: true, networkConnectionEnabled: false, pageLoadStrategy: normal, platform: WINDOWS, platformName: WINDOWS, proxy: Proxy(), setWindowRect: true, strictFileInteractability: false, timeouts: {implicit: 0, pageLoad: 300000, script: 30000}, unhandledPromptBehavior: dismiss and notify, webauthn:extension:credBlob: true, webauthn:extension:largeBlob: true, webauthn:virtualAuthenticators: true}
Session ID: 369be61095d483f623416964723bc6a0
*** Element info: {Using=css selector, value=[placeholder='Last name']}
22:17:52  INFO  manager.MyListener - org.openqa.selenium.NoSuchElementException: no such element: Unable to locate element: {"method":"css selector","selector":"[placeholder='Last name']"}
  (Session info: chrome=96.0.4664.45)
For documentation on this error, please visit: https://www.seleniumhq.org/exceptions/no_such_element.html
Build info: version: '3.141.59', revision: 'e82be7d358', time: '2018-11-14T08:17:03'
System info: host: 'DESKTOP-8LJJU6I', ip: '10.0.0.33', os.name: 'Windows 10', os.arch: 'amd64', os.version: '10.0', java.version: '1.8.0_301'
Driver info: org.openqa.selenium.chrome.ChromeDriver
Capabilities {acceptInsecureCerts: false, browserName: chrome, browserVersion: 96.0.4664.45, chrome: {chromedriverVersion: 96.0.4664.45 (76e4c1bb2ab46..., userDataDir: C:\Users\User\AppData\Local...}, goog:chromeOptions: {debuggerAddress: localhost:59428}, javascriptEnabled: true, networkConnectionEnabled: false, pageLoadStrategy: normal, platform: WINDOWS, platformName: WINDOWS, proxy: Proxy(), setWindowRect: true, strictFileInteractability: false, timeouts: {implicit: 0, pageLoad: 300000, script: 30000}, unhandledPromptBehavior: dismiss and notify, webauthn:extension:credBlob: true, webauthn:extension:largeBlob: true, webauthn:virtualAuthenticators: true}
Session ID: 369be61095d483f623416964723bc6a0
*** Element info: {Using=css selector, value=[placeholder='Last name']}
22:17:52  INFO  manager.MyListener - This link to screenshot with error-->src/test/screenshots/screenshot-1072.png
22:17:52  INFO  tests.TestBase - ****************************************
22:17:52  INFO  tests.TestBase - Start test-->addNewContactTest
22:17:52  INFO  manager.MyListener - Start serch element by locator-->By.xpath: //button[text()='Sign Out']
22:17:52  INFO  manager.MyListener - The element with locator --> By.xpath: //button[text()='Sign Out']was found
22:17:52  INFO  manager.MyListener - Start serch element by locator-->By.xpath: //a[.='ADD']
22:17:52  INFO  manager.MyListener - The element with locator --> By.xpath: //a[.='ADD']was found
22:17:52  INFO  manager.MyListener - Start serch element by locator-->By.cssSelector: [placeholder='Name']
22:17:52  INFO  manager.MyListener - The element with locator --> By.cssSelector: [placeholder='Name']was found
22:17:52  INFO  manager.MyListener - Start serch element by locator-->By.cssSelector: [placeholder='Last name']
22:18:02  INFO  manager.MyListener - Something went wrong!!
22:18:02  INFO  manager.MyListener - no such element: Unable to locate element: {"method":"css selector","selector":"[placeholder='Last name']"}
  (Session info: chrome=96.0.4664.45)
For documentation on this error, please visit: https://www.seleniumhq.org/exceptions/no_such_element.html
Build info: version: '3.141.59', revision: 'e82be7d358', time: '2018-11-14T08:17:03'
System info: host: 'DESKTOP-8LJJU6I', ip: '10.0.0.33', os.name: 'Windows 10', os.arch: 'amd64', os.version: '10.0', java.version: '1.8.0_301'
Driver info: org.openqa.selenium.chrome.ChromeDriver
Capabilities {acceptInsecureCerts: false, browserName: chrome, browserVersion: 96.0.4664.45, chrome: {chromedriverVersion: 96.0.4664.45 (76e4c1bb2ab46..., userDataDir: C:\Users\User\AppData\Local...}, goog:chromeOptions: {debuggerAddress: localhost:59428}, javascriptEnabled: true, networkConnectionEnabled: false, pageLoadStrategy: normal, platform: WINDOWS, platformName: WINDOWS, proxy: Proxy(), setWindowRect: true, strictFileInteractability: false, timeouts: {implicit: 0, pageLoad: 300000, script: 30000}, unhandledPromptBehavior: dismiss and notify, webauthn:extension:credBlob: true, webauthn:extension:largeBlob: true, webauthn:virtualAuthenticators: true}
Session ID: 369be61095d483f623416964723bc6a0
*** Element info: {Using=css selector, value=[placeholder='Last name']}
22:18:02  INFO  manager.MyListener - org.openqa.selenium.NoSuchElementException: no such element: Unable to locate element: {"method":"css selector","selector":"[placeholder='Last name']"}
  (Session info: chrome=96.0.4664.45)
For documentation on this error, please visit: https://www.seleniumhq.org/exceptions/no_such_element.html
Build info: version: '3.141.59', revision: 'e82be7d358', time: '2018-11-14T08:17:03'
System info: host: 'DESKTOP-8LJJU6I', ip: '10.0.0.33', os.name: 'Windows 10', os.arch: 'amd64', os.version: '10.0', java.version: '1.8.0_301'
Driver info: org.openqa.selenium.chrome.ChromeDriver
Capabilities {acceptInsecureCerts: false, browserName: chrome, browserVersion: 96.0.4664.45, chrome: {chromedriverVersion: 96.0.4664.45 (76e4c1bb2ab46..., userDataDir: C:\Users\User\AppData\Local...}, goog:chromeOptions: {debuggerAddress: localhost:59428}, javascriptEnabled: true, networkConnectionEnabled: false, pageLoadStrategy: normal, platform: WINDOWS, platformName: WINDOWS, proxy: Proxy(), setWindowRect: true, strictFileInteractability: false, timeouts: {implicit: 0, pageLoad: 300000, script: 30000}, unhandledPromptBehavior: dismiss and notify, webauthn:extension:credBlob: true, webauthn:extension:largeBlob: true, webauthn:virtualAuthenticators: true}
Session ID: 369be61095d483f623416964723bc6a0
*** Element info: {Using=css selector, value=[placeholder='Last name']}
22:18:02  INFO  manager.MyListener - This link to screenshot with error-->src/test/screenshots/screenshot-1082.png
22:18:02  INFO  tests.TestBase - ****************************************
22:18:02  INFO  tests.TestBase - Start test-->addNewContactTest
22:18:02  INFO  manager.MyListener - Start serch element by locator-->By.xpath: //button[text()='Sign Out']
22:18:03  INFO  manager.MyListener - The element with locator --> By.xpath: //button[text()='Sign Out']was found
22:18:03  INFO  manager.MyListener - Start serch element by locator-->By.xpath: //a[.='ADD']
22:18:03  INFO  manager.MyListener - The element with locator --> By.xpath: //a[.='ADD']was found
22:18:03  INFO  manager.MyListener - Start serch element by locator-->By.cssSelector: [placeholder='Name']
22:18:03  INFO  manager.MyListener - The element with locator --> By.cssSelector: [placeholder='Name']was found
22:18:03  INFO  manager.MyListener - Start serch element by locator-->By.cssSelector: [placeholder='Last name']
22:18:13  INFO  manager.MyListener - Something went wrong!!
22:18:13  INFO  manager.MyListener - no such element: Unable to locate element: {"method":"css selector","selector":"[placeholder='Last name']"}
  (Session info: chrome=96.0.4664.45)
For documentation on this error, please visit: https://www.seleniumhq.org/exceptions/no_such_element.html
Build info: version: '3.141.59', revision: 'e82be7d358', time: '2018-11-14T08:17:03'
System info: host: 'DESKTOP-8LJJU6I', ip: '10.0.0.33', os.name: 'Windows 10', os.arch: 'amd64', os.version: '10.0', java.version: '1.8.0_301'
Driver info: org.openqa.selenium.chrome.ChromeDriver
Capabilities {acceptInsecureCerts: false, browserName: chrome, browserVersion: 96.0.4664.45, chrome: {chromedriverVersion: 96.0.4664.45 (76e4c1bb2ab46..., userDataDir: C:\Users\User\AppData\Local...}, goog:chromeOptions: {debuggerAddress: localhost:59428}, javascriptEnabled: true, networkConnectionEnabled: false, pageLoadStrategy: normal, platform: WINDOWS, platformName: WINDOWS, proxy: Proxy(), setWindowRect: true, strictFileInteractability: false, timeouts: {implicit: 0, pageLoad: 300000, script: 30000}, unhandledPromptBehavior: dismiss and notify, webauthn:extension:credBlob: true, webauthn:extension:largeBlob: true, webauthn:virtualAuthenticators: true}
Session ID: 369be61095d483f623416964723bc6a0
*** Element info: {Using=css selector, value=[placeholder='Last name']}
22:18:13  INFO  manager.MyListener - org.openqa.selenium.NoSuchElementException: no such element: Unable to locate element: {"method":"css selector","selector":"[placeholder='Last name']"}
  (Session info: chrome=96.0.4664.45)
For documentation on this error, please visit: https://www.seleniumhq.org/exceptions/no_such_element.html
Build info: version: '3.141.59', revision: 'e82be7d358', time: '2018-11-14T08:17:03'
System info: host: 'DESKTOP-8LJJU6I', ip: '10.0.0.33', os.name: 'Windows 10', os.arch: 'amd64', os.version: '10.0', java.version: '1.8.0_301'
Driver info: org.openqa.selenium.chrome.ChromeDriver
Capabilities {acceptInsecureCerts: false, browserName: chrome, browserVersion: 96.0.4664.45, chrome: {chromedriverVersion: 96.0.4664.45 (76e4c1bb2ab46..., userDataDir: C:\Users\User\AppData\Local...}, goog:chromeOptions: {debuggerAddress: localhost:59428}, javascriptEnabled: true, networkConnectionEnabled: false, pageLoadStrategy: normal, platform: WINDOWS, platformName: WINDOWS, proxy: Proxy(), setWindowRect: true, strictFileInteractability: false, timeouts: {implicit: 0, pageLoad: 300000, script: 30000}, unhandledPromptBehavior: dismiss and notify, webauthn:extension:credBlob: true, webauthn:extension:largeBlob: true, webauthn:virtualAuthenticators: true}
Session ID: 369be61095d483f623416964723bc6a0
*** Element info: {Using=css selector, value=[placeholder='Last name']}
22:18:13  INFO  manager.MyListener - This link to screenshot with error-->src/test/screenshots/screenshot-1093.png
22:18:13  INFO  tests.TestBase - ****************************************
22:18:13  INFO  tests.TestBase - Start test-->registrationTestWrongEmail
22:18:13  INFO  manager.MyListener - Start serch element by locator-->By.xpath: //button[text()='Sign Out']
22:18:13  INFO  manager.MyListener - The element with locator --> By.xpath: //button[text()='Sign Out']was found
22:18:13  INFO  manager.MyListener - Start serch element by locator-->By.xpath: //button[text()='Sign Out']
22:18:13  INFO  manager.MyListener - The element with locator --> By.xpath: //button[text()='Sign Out']was found
22:18:13  INFO  manager.MyListener - Start serch element by locator-->By.xpath: //a[text()='LOGIN']
22:18:13  INFO  manager.MyListener - The element with locator --> By.xpath: //a[text()='LOGIN']was found
22:18:13  INFO  manager.MyListener - Start serch element by locator-->By.xpath: //input[1]
22:18:13  INFO  manager.MyListener - The element with locator --> By.xpath: //input[1]was found
22:18:13  INFO  manager.MyListener - Start serch element by locator-->By.xpath: //input[2]
22:18:13  INFO  manager.MyListener - The element with locator --> By.xpath: //input[2]was found
22:18:13  INFO  manager.MyListener - Start serch element by locator-->By.xpath: //button[2]
22:18:13  INFO  manager.MyListener - The element with locator --> By.xpath: //button[2]was found
22:18:16  INFO  tests.TestBase - ****************************************
