20:00:34  INFO  manager.ApplicationManager - Tests starts on Chrome Driver
20:00:35  INFO  tests.TestBase - Start test-->loginTest
20:00:35  INFO  manager.MyListener - Start serch element by locator-->By.xpath: //button[text()='Sign Out']
20:00:45  INFO  manager.MyListener - The element with locator --> By.xpath: //button[text()='Sign Out']was found
20:00:45  INFO  manager.MyListener - Start serch element by locator-->By.xpath: //a[text()='LOGIN']
20:00:45  INFO  manager.MyListener - The element with locator --> By.xpath: //a[text()='LOGIN']was found
20:00:45  INFO  manager.MyListener - Start serch element by locator-->By.xpath: //input[1]
20:00:45  INFO  manager.MyListener - The element with locator --> By.xpath: //input[1]was found
20:00:45  INFO  manager.MyListener - Start serch element by locator-->By.xpath: //input[2]
20:00:45  INFO  manager.MyListener - The element with locator --> By.xpath: //input[2]was found
20:00:45  INFO  manager.MyListener - Start serch element by locator-->By.xpath: //button[1]
20:00:45  INFO  manager.MyListener - The element with locator --> By.xpath: //button[1]was found
20:00:46  INFO  manager.MyListener - Start serch element by locator-->By.xpath: //button[text()='Sign Out']
20:00:46  INFO  manager.MyListener - The element with locator --> By.xpath: //button[text()='Sign Out']was found
20:00:46  INFO  tests.TestBase - ****************************************
20:00:46  INFO  tests.TestBase - Start test-->addNewContactTest
20:00:46  INFO  manager.MyListener - Start serch element by locator-->By.xpath: //button[text()='Sign Out']
20:00:46  INFO  manager.MyListener - The element with locator --> By.xpath: //button[text()='Sign Out']was found
20:00:46  INFO  manager.MyListener - Start serch element by locator-->By.xpath: //a[@href='/add']
20:00:46  INFO  manager.MyListener - The element with locator --> By.xpath: //a[@href='/add']was found
20:00:46  INFO  manager.MyListener - Start serch element by locator-->By.xpath: //a[@href='/add']
20:00:46  INFO  manager.MyListener - The element with locator --> By.xpath: //a[@href='/add']was found
20:00:46  INFO  manager.MyListener - Start serch element by locator-->By.cssSelector: [placeholder='Name']
20:00:46  INFO  manager.MyListener - The element with locator --> By.cssSelector: [placeholder='Name']was found
20:00:47  INFO  manager.MyListener - Start serch element by locator-->By.cssSelector: [placeholder='Last Name']
20:00:47  INFO  manager.MyListener - The element with locator --> By.cssSelector: [placeholder='Last Name']was found
20:00:47  INFO  manager.MyListener - Start serch element by locator-->By.cssSelector: [placeholder='Phone']
20:00:47  INFO  manager.MyListener - The element with locator --> By.cssSelector: [placeholder='Phone']was found
20:00:47  INFO  manager.MyListener - Start serch element by locator-->By.cssSelector: [placeholder='email']
20:00:47  INFO  manager.MyListener - The element with locator --> By.cssSelector: [placeholder='email']was found
20:00:47  INFO  manager.MyListener - Start serch element by locator-->By.cssSelector: [placeholder='Address']
20:00:47  INFO  manager.MyListener - The element with locator --> By.cssSelector: [placeholder='Address']was found
20:00:47  INFO  manager.MyListener - Start serch element by locator-->By.cssSelector: [placeholder='description']
20:00:47  INFO  manager.MyListener - The element with locator --> By.cssSelector: [placeholder='description']was found
20:00:47  INFO  manager.MyListener - Start serch element by locator-->By.xpath: //button[.='Save']
20:00:47  INFO  manager.MyListener - The element with locator --> By.xpath: //button[.='Save']was found
20:00:47  INFO  manager.MyListener - Start serch element by locator-->By.cssSelector: h3
20:00:47  INFO  manager.MyListener - The element with locator --> By.cssSelector: h3was found
20:00:47  INFO  tests.TestBase - ****************************************
20:00:47  INFO  tests.TestBase - Start test-->addNewContactTest
20:00:47  INFO  manager.MyListener - Start serch element by locator-->By.xpath: //button[text()='Sign Out']
20:00:47  INFO  manager.MyListener - The element with locator --> By.xpath: //button[text()='Sign Out']was found
20:00:47  INFO  manager.MyListener - Start serch element by locator-->By.xpath: //a[@href='/add']
20:00:47  INFO  manager.MyListener - The element with locator --> By.xpath: //a[@href='/add']was found
20:00:47  INFO  manager.MyListener - Start serch element by locator-->By.xpath: //a[@href='/add']
20:00:47  INFO  manager.MyListener - The element with locator --> By.xpath: //a[@href='/add']was found
20:00:48  INFO  manager.MyListener - Start serch element by locator-->By.cssSelector: [placeholder='Name']
20:00:48  INFO  manager.MyListener - The element with locator --> By.cssSelector: [placeholder='Name']was found
20:00:48  INFO  manager.MyListener - Start serch element by locator-->By.cssSelector: [placeholder='Last Name']
20:00:48  INFO  manager.MyListener - The element with locator --> By.cssSelector: [placeholder='Last Name']was found
20:00:48  INFO  manager.MyListener - Start serch element by locator-->By.cssSelector: [placeholder='Phone']
20:00:48  INFO  manager.MyListener - The element with locator --> By.cssSelector: [placeholder='Phone']was found
20:00:48  INFO  manager.MyListener - Start serch element by locator-->By.cssSelector: [placeholder='email']
20:00:48  INFO  manager.MyListener - The element with locator --> By.cssSelector: [placeholder='email']was found
20:00:48  INFO  manager.MyListener - Start serch element by locator-->By.cssSelector: [placeholder='Address']
20:00:48  INFO  manager.MyListener - The element with locator --> By.cssSelector: [placeholder='Address']was found
20:00:48  INFO  manager.MyListener - Start serch element by locator-->By.cssSelector: [placeholder='description']
20:00:48  INFO  manager.MyListener - The element with locator --> By.cssSelector: [placeholder='description']was found
20:00:48  INFO  manager.MyListener - Start serch element by locator-->By.xpath: //button[.='Save']
20:00:48  INFO  manager.MyListener - The element with locator --> By.xpath: //button[.='Save']was found
20:00:48  INFO  manager.MyListener - Start serch element by locator-->By.cssSelector: h3
20:00:48  INFO  manager.MyListener - The element with locator --> By.cssSelector: h3was found
20:00:48  INFO  tests.TestBase - ****************************************
20:00:48  INFO  tests.TestBase - Start test-->registrationTestWrongEmail
20:00:48  INFO  manager.MyListener - Start serch element by locator-->By.xpath: //button[text()='Sign Out']
20:00:48  INFO  manager.MyListener - The element with locator --> By.xpath: //button[text()='Sign Out']was found
20:00:48  INFO  manager.MyListener - Start serch element by locator-->By.xpath: //button[text()='Sign Out']
20:00:48  INFO  manager.MyListener - The element with locator --> By.xpath: //button[text()='Sign Out']was found
20:00:49  INFO  manager.MyListener - Start serch element by locator-->By.xpath: //a[text()='LOGIN']
20:00:49  INFO  manager.MyListener - The element with locator --> By.xpath: //a[text()='LOGIN']was found
20:00:49  INFO  manager.MyListener - Start serch element by locator-->By.xpath: //input[1]
20:00:49  INFO  manager.MyListener - The element with locator --> By.xpath: //input[1]was found
20:00:49  INFO  manager.MyListener - Start serch element by locator-->By.xpath: //input[2]
20:00:49  INFO  manager.MyListener - The element with locator --> By.xpath: //input[2]was found
20:00:49  INFO  manager.MyListener - Start serch element by locator-->By.xpath: //button[2]
20:00:49  INFO  manager.MyListener - The element with locator --> By.xpath: //button[2]was found
20:00:52  INFO  tests.TestBase - ****************************************
