17:47:31  INFO  manager.ApplicationManager - Tests starts on Chrome Driver
17:47:32  INFO  tests.TestBase - Start test-->removeOneContact
17:47:32  INFO  manager.MyListener - Start serch element by locator-->By.xpath: //button[text()='Sign Out']
17:47:43  INFO  manager.MyListener - The element with locator --> By.xpath: //button[text()='Sign Out']was found
17:47:43  INFO  manager.MyListener - Start serch element by locator-->By.xpath: //a[text()='LOGIN']
17:47:43  INFO  manager.MyListener - The element with locator --> By.xpath: //a[text()='LOGIN']was found
17:47:43  INFO  manager.MyListener - Start serch element by locator-->By.xpath: //input[1]
17:47:43  INFO  manager.MyListener - The element with locator --> By.xpath: //input[1]was found
17:47:43  INFO  manager.MyListener - Start serch element by locator-->By.xpath: //input[2]
17:47:43  INFO  manager.MyListener - The element with locator --> By.xpath: //input[2]was found
17:47:43  INFO  manager.MyListener - Start serch element by locator-->By.xpath: //button[1]
17:47:43  INFO  manager.MyListener - The element with locator --> By.xpath: //button[1]was found
17:47:44  INFO  manager.MyListener - Start serch element by locator-->By.cssSelector: .contact-item__card2SOIM
17:47:54  INFO  manager.MyListener - The element with locator --> By.cssSelector: .contact-item__card2SOIMwas found
17:47:54  INFO  manager.HelperBase - Count of Contacts before0
17:47:54  INFO  manager.MyListener - Start serch element by locator-->By.cssSelector: .contact-item_card__2SOIM h3
17:47:54  INFO  manager.MyListener - The element with locator --> By.cssSelector: .contact-item_card__2SOIM h3was found
17:47:54  INFO  manager.HelperBase - The element that was deleted has phone number -->121062189709
17:47:54  INFO  manager.MyListener - Start serch element by locator-->By.cssSelector: .contact-page_leftdiv__yhyke div
17:47:54  INFO  manager.MyListener - The element with locator --> By.cssSelector: .contact-page_leftdiv__yhyke divwas found
17:47:54  INFO  manager.MyListener - Start serch element by locator-->By.xpath: //button[.='Remove']
17:47:54  INFO  manager.MyListener - The element with locator --> By.xpath: //button[.='Remove']was found
17:47:55  INFO  manager.MyListener - Start serch element by locator-->By.cssSelector: .contact-item__card2SOIM
17:48:05  INFO  manager.MyListener - The element with locator --> By.cssSelector: .contact-item__card2SOIMwas found
17:48:05  INFO  manager.HelperBase - Count of Contacts after0
17:48:05  INFO  tests.TestBase - ****************************************
