23:46:34  INFO  manager.ApplicationManager - Tests starts on Chrome Driver
23:46:34  INFO  tests.TestBase - Start test-->removeOneContact
23:46:34  INFO  manager.MyListener - Start serch element by locator-->By.xpath: //button[text()='Sign Out']
23:46:45  INFO  manager.MyListener - The element with locator --> By.xpath: //button[text()='Sign Out']was found
23:46:45  INFO  manager.MyListener - Start serch element by locator-->By.xpath: //a[text()='LOGIN']
23:46:45  INFO  manager.MyListener - The element with locator --> By.xpath: //a[text()='LOGIN']was found
23:46:45  INFO  manager.MyListener - Start serch element by locator-->By.xpath: //input[1]
23:46:45  INFO  manager.MyListener - The element with locator --> By.xpath: //input[1]was found
23:46:45  INFO  manager.MyListener - Start serch element by locator-->By.xpath: //input[2]
23:46:45  INFO  manager.MyListener - The element with locator --> By.xpath: //input[2]was found
23:46:45  INFO  manager.MyListener - Start serch element by locator-->By.xpath: //button[1]
23:46:45  INFO  manager.MyListener - The element with locator --> By.xpath: //button[1]was found
23:46:46  INFO  manager.MyListener - Start serch element by locator-->By.xpath: //a[@href='/add']
23:46:46  INFO  manager.MyListener - The element with locator --> By.xpath: //a[@href='/add']was found
23:46:46  INFO  manager.MyListener - Start serch element by locator-->By.xpath: //a[@href='/add']
23:46:46  INFO  manager.MyListener - The element with locator --> By.xpath: //a[@href='/add']was found
23:46:46  INFO  manager.MyListener - Start serch element by locator-->By.cssSelector: [placeholder='Name']
23:46:46  INFO  manager.MyListener - The element with locator --> By.cssSelector: [placeholder='Name']was found
23:46:46  INFO  manager.MyListener - Start serch element by locator-->By.cssSelector: [placeholder='Last Name']
23:46:46  INFO  manager.MyListener - The element with locator --> By.cssSelector: [placeholder='Last Name']was found
23:46:47  INFO  manager.MyListener - Start serch element by locator-->By.cssSelector: [placeholder='Phone']
23:46:47  INFO  manager.MyListener - The element with locator --> By.cssSelector: [placeholder='Phone']was found
23:46:47  INFO  manager.MyListener - Start serch element by locator-->By.cssSelector: [placeholder='email']
23:46:47  INFO  manager.MyListener - The element with locator --> By.cssSelector: [placeholder='email']was found
23:46:47  INFO  manager.MyListener - Start serch element by locator-->By.cssSelector: [placeholder='Address']
23:46:47  INFO  manager.MyListener - The element with locator --> By.cssSelector: [placeholder='Address']was found
23:46:47  INFO  manager.MyListener - Start serch element by locator-->By.cssSelector: [placeholder='description']
23:46:47  INFO  manager.MyListener - The element with locator --> By.cssSelector: [placeholder='description']was found
23:46:47  INFO  manager.MyListener - Start serch element by locator-->By.xpath: //button[.='Save']
23:46:47  INFO  manager.MyListener - The element with locator --> By.xpath: //button[.='Save']was found
23:46:48  INFO  manager.MyListener - Start serch element by locator-->By.xpath: //a[@href='/add']
23:46:48  INFO  manager.MyListener - The element with locator --> By.xpath: //a[@href='/add']was found
23:46:48  INFO  manager.MyListener - Start serch element by locator-->By.xpath: //a[@href='/add']
23:46:48  INFO  manager.MyListener - The element with locator --> By.xpath: //a[@href='/add']was found
23:46:48  INFO  manager.MyListener - Start serch element by locator-->By.cssSelector: [placeholder='Name']
23:46:48  INFO  manager.MyListener - The element with locator --> By.cssSelector: [placeholder='Name']was found
23:46:48  INFO  manager.MyListener - Start serch element by locator-->By.cssSelector: [placeholder='Last Name']
23:46:48  INFO  manager.MyListener - The element with locator --> By.cssSelector: [placeholder='Last Name']was found
23:46:49  INFO  manager.MyListener - Start serch element by locator-->By.cssSelector: [placeholder='Phone']
23:46:49  INFO  manager.MyListener - The element with locator --> By.cssSelector: [placeholder='Phone']was found
23:46:49  INFO  manager.MyListener - Start serch element by locator-->By.cssSelector: [placeholder='email']
23:46:49  INFO  manager.MyListener - The element with locator --> By.cssSelector: [placeholder='email']was found
23:46:49  INFO  manager.MyListener - Start serch element by locator-->By.cssSelector: [placeholder='Address']
23:46:49  INFO  manager.MyListener - The element with locator --> By.cssSelector: [placeholder='Address']was found
23:46:49  INFO  manager.MyListener - Start serch element by locator-->By.cssSelector: [placeholder='description']
23:46:49  INFO  manager.MyListener - The element with locator --> By.cssSelector: [placeholder='description']was found
23:46:49  INFO  manager.MyListener - Start serch element by locator-->By.xpath: //button[.='Save']
23:46:49  INFO  manager.MyListener - The element with locator --> By.xpath: //button[.='Save']was found
23:46:50  INFO  manager.MyListener - Start serch element by locator-->By.xpath: //a[@href='/add']
23:46:50  INFO  manager.MyListener - The element with locator --> By.xpath: //a[@href='/add']was found
23:46:50  INFO  manager.MyListener - Start serch element by locator-->By.xpath: //a[@href='/add']
23:46:50  INFO  manager.MyListener - The element with locator --> By.xpath: //a[@href='/add']was found
23:46:50  INFO  manager.MyListener - Start serch element by locator-->By.cssSelector: [placeholder='Name']
23:46:50  INFO  manager.MyListener - The element with locator --> By.cssSelector: [placeholder='Name']was found
23:46:50  INFO  manager.MyListener - Start serch element by locator-->By.cssSelector: [placeholder='Last Name']
23:46:50  INFO  manager.MyListener - The element with locator --> By.cssSelector: [placeholder='Last Name']was found
23:46:51  INFO  manager.MyListener - Start serch element by locator-->By.cssSelector: [placeholder='Phone']
23:46:51  INFO  manager.MyListener - The element with locator --> By.cssSelector: [placeholder='Phone']was found
23:46:51  INFO  manager.MyListener - Start serch element by locator-->By.cssSelector: [placeholder='email']
23:46:51  INFO  manager.MyListener - The element with locator --> By.cssSelector: [placeholder='email']was found
23:46:51  INFO  manager.MyListener - Start serch element by locator-->By.cssSelector: [placeholder='Address']
23:46:51  INFO  manager.MyListener - The element with locator --> By.cssSelector: [placeholder='Address']was found
23:46:51  INFO  manager.MyListener - Start serch element by locator-->By.cssSelector: [placeholder='description']
23:46:51  INFO  manager.MyListener - The element with locator --> By.cssSelector: [placeholder='description']was found
23:46:51  INFO  manager.MyListener - Start serch element by locator-->By.xpath: //button[.='Save']
23:46:51  INFO  manager.MyListener - The element with locator --> By.xpath: //button[.='Save']was found
23:46:52  INFO  manager.MyListener - Start serch element by locator-->By.cssSelector: .contact-item__card2SOIM
23:47:02  INFO  manager.MyListener - The element with locator --> By.cssSelector: .contact-item__card2SOIMwas found
23:47:02  INFO  manager.HelperBase - Count of Contacts before0
23:47:02  INFO  manager.MyListener - Start serch element by locator-->By.cssSelector: .contact-item__card2SOIM
23:47:12  INFO  manager.MyListener - The element with locator --> By.cssSelector: .contact-item__card2SOIMwas found
23:47:12  INFO  manager.MyListener - Start serch element by locator-->By.cssSelector: .contact-item__card2SOIM
23:47:22  INFO  manager.MyListener - The element with locator --> By.cssSelector: .contact-item__card2SOIMwas found
23:47:22  INFO  manager.HelperBase - Count of Contacts after0
23:47:22  INFO  tests.TestBase - ****************************************
